{"/Users/furkle/Documents/twine-linter/src/constants.ts": {"path":"/Users/furkle/Documents/twine-linter/src/constants.ts","statementMap":{"0":{"start":{"line":1,"column":0},"end":{"line":4,"column":1}},"1":{"start":{"line":2,"column":2},"end":{"line":2,"column":24}},"2":{"start":{"line":3,"column":2},"end":{"line":3,"column":26}},"3":{"start":{"line":6,"column":0},"end":{"line":12,"column":1}},"4":{"start":{"line":7,"column":2},"end":{"line":7,"column":26}},"5":{"start":{"line":8,"column":2},"end":{"line":8,"column":27}},"6":{"start":{"line":9,"column":2},"end":{"line":9,"column":29}},"7":{"start":{"line":10,"column":2},"end":{"line":10,"column":29}},"8":{"start":{"line":11,"column":2},"end":{"line":11,"column":27}},"9":{"start":{"line":14,"column":0},"end":{"line":17,"column":1}},"10":{"start":{"line":15,"column":2},"end":{"line":15,"column":26}},"11":{"start":{"line":16,"column":2},"end":{"line":16,"column":25}},"12":{"start":{"line":19,"column":0},"end":{"line":25,"column":1}},"13":{"start":{"line":20,"column":2},"end":{"line":20,"column":24}},"14":{"start":{"line":21,"column":2},"end":{"line":21,"column":26}},"15":{"start":{"line":22,"column":2},"end":{"line":22,"column":29}},"16":{"start":{"line":23,"column":2},"end":{"line":23,"column":31}},"17":{"start":{"line":24,"column":2},"end":{"line":24,"column":26}},"18":{"start":{"line":27,"column":0},"end":{"line":33,"column":1}},"19":{"start":{"line":28,"column":2},"end":{"line":28,"column":24}},"20":{"start":{"line":29,"column":2},"end":{"line":29,"column":26}},"21":{"start":{"line":30,"column":2},"end":{"line":30,"column":29}},"22":{"start":{"line":31,"column":2},"end":{"line":31,"column":31}},"23":{"start":{"line":32,"column":2},"end":{"line":32,"column":26}},"24":{"start":{"line":35,"column":13},"end":{"line":39,"column":2}},"25":{"start":{"line":41,"column":0},"end":{"line":44,"column":1}},"26":{"start":{"line":42,"column":2},"end":{"line":42,"column":16}},"27":{"start":{"line":43,"column":2},"end":{"line":43,"column":16}},"28":{"start":{"line":46,"column":0},"end":{"line":51,"column":2}}},"fnMap":{"0":{"name":"(anonymous_0)","decl":{"start":{"line":1,"column":0},"end":{"line":1,"column":11}},"loc":{"start":{"line":1,"column":26},"end":{"line":4,"column":1}}},"1":{"name":"(anonymous_1)","decl":{"start":{"line":6,"column":0},"end":{"line":6,"column":11}},"loc":{"start":{"line":6,"column":19},"end":{"line":12,"column":1}}},"2":{"name":"(anonymous_2)","decl":{"start":{"line":14,"column":0},"end":{"line":14,"column":11}},"loc":{"start":{"line":14,"column":30},"end":{"line":17,"column":1}}},"3":{"name":"(anonymous_3)","decl":{"start":{"line":19,"column":0},"end":{"line":19,"column":11}},"loc":{"start":{"line":19,"column":31},"end":{"line":25,"column":1}}},"4":{"name":"(anonymous_4)","decl":{"start":{"line":27,"column":0},"end":{"line":27,"column":11}},"loc":{"start":{"line":27,"column":30},"end":{"line":33,"column":1}}},"5":{"name":"(anonymous_5)","decl":{"start":{"line":41,"column":0},"end":{"line":41,"column":11}},"loc":{"start":{"line":41,"column":20},"end":{"line":44,"column":1}}}},"branchMap":{"0":{"loc":{"start":{"line":1,"column":12},"end":{"line":1,"column":26}},"type":"binary-expr","locations":[{"start":{"line":1,"column":12},"end":{"line":1,"column":26}},{"start":{"line":1,"column":12},"end":{"line":1,"column":26}}]},"1":{"loc":{"start":{"line":6,"column":12},"end":{"line":6,"column":19}},"type":"binary-expr","locations":[{"start":{"line":6,"column":12},"end":{"line":6,"column":19}},{"start":{"line":6,"column":12},"end":{"line":6,"column":19}}]},"2":{"loc":{"start":{"line":14,"column":12},"end":{"line":14,"column":30}},"type":"binary-expr","locations":[{"start":{"line":14,"column":12},"end":{"line":14,"column":30}},{"start":{"line":14,"column":12},"end":{"line":14,"column":30}}]},"3":{"loc":{"start":{"line":19,"column":12},"end":{"line":19,"column":31}},"type":"binary-expr","locations":[{"start":{"line":19,"column":12},"end":{"line":19,"column":31}},{"start":{"line":19,"column":12},"end":{"line":19,"column":31}}]},"4":{"loc":{"start":{"line":27,"column":12},"end":{"line":27,"column":30}},"type":"binary-expr","locations":[{"start":{"line":27,"column":12},"end":{"line":27,"column":30}},{"start":{"line":27,"column":12},"end":{"line":27,"column":30}}]},"5":{"loc":{"start":{"line":41,"column":12},"end":{"line":41,"column":20}},"type":"binary-expr","locations":[{"start":{"line":41,"column":12},"end":{"line":41,"column":20}},{"start":{"line":41,"column":12},"end":{"line":41,"column":20}}]}},"s":{"0":2,"1":2,"2":2,"3":2,"4":2,"5":2,"6":2,"7":2,"8":2,"9":2,"10":2,"11":2,"12":2,"13":2,"14":2,"15":2,"16":2,"17":2,"18":2,"19":2,"20":2,"21":2,"22":2,"23":2,"24":2,"25":2,"26":2,"27":2,"28":2},"f":{"0":2,"1":2,"2":2,"3":2,"4":2,"5":2},"b":{"0":[2,2],"1":[2,2],"2":[2,2],"3":[2,2],"4":[2,2],"5":[2,2]}}
,"/Users/furkle/Documents/twine-linter/src/Linter/Linter.ts": {"path":"/Users/furkle/Documents/twine-linter/src/Linter/Linter.ts","statementMap":{"0":{"start":{"line":1,"column":0},"end":{"line":1,"column":60}},"1":{"start":{"line":2,"column":0},"end":{"line":2,"column":61}},"2":{"start":{"line":3,"column":0},"end":{"line":3,"column":67}},"3":{"start":{"line":4,"column":0},"end":{"line":4,"column":63}},"4":{"start":{"line":11,"column":0},"end":{"line":11,"column":65}},"5":{"start":{"line":13,"column":0},"end":{"line":13,"column":49}},"6":{"start":{"line":16,"column":15},"end":{"line":16,"column":32}},"7":{"start":{"line":25,"column":4},"end":{"line":27,"column":5}},"8":{"start":{"line":26,"column":6},"end":{"line":26,"column":74}},"9":{"start":{"line":29,"column":4},"end":{"line":29,"column":25}},"10":{"start":{"line":31,"column":4},"end":{"line":33,"column":5}},"11":{"start":{"line":32,"column":6},"end":{"line":32,"column":65}},"12":{"start":{"line":35,"column":35},"end":{"line":35,"column":37}},"13":{"start":{"line":37,"column":4},"end":{"line":46,"column":5}},"14":{"start":{"line":38,"column":6},"end":{"line":41,"column":7}},"15":{"start":{"line":39,"column":8},"end":{"line":40,"column":55}},"16":{"start":{"line":43,"column":6},"end":{"line":43,"column":51}},"17":{"start":{"line":45,"column":6},"end":{"line":45,"column":53}},"18":{"start":{"line":48,"column":4},"end":{"line":67,"column":5}},"19":{"start":{"line":49,"column":6},"end":{"line":54,"column":7}},"20":{"start":{"line":52,"column":8},"end":{"line":53,"column":58}},"21":{"start":{"line":56,"column":28},"end":{"line":56,"column":63}},"22":{"start":{"line":57,"column":19},"end":{"line":57,"column":56}},"23":{"start":{"line":58,"column":6},"end":{"line":62,"column":7}},"24":{"start":{"line":59,"column":8},"end":{"line":61,"column":51}},"25":{"start":{"line":64,"column":6},"end":{"line":64,"column":41}},"26":{"start":{"line":66,"column":6},"end":{"line":66,"column":36}},"27":{"start":{"line":69,"column":4},"end":{"line":90,"column":5}},"28":{"start":{"line":70,"column":6},"end":{"line":73,"column":7}},"29":{"start":{"line":71,"column":8},"end":{"line":72,"column":41}},"30":{"start":{"line":75,"column":21},"end":{"line":75,"column":49}},"31":{"start":{"line":76,"column":19},"end":{"line":76,"column":49}},"32":{"start":{"line":77,"column":6},"end":{"line":81,"column":7}},"33":{"start":{"line":78,"column":8},"end":{"line":80,"column":51}},"34":{"start":{"line":83,"column":6},"end":{"line":83,"column":27}},"35":{"start":{"line":85,"column":6},"end":{"line":87,"column":7}},"36":{"start":{"line":86,"column":8},"end":{"line":86,"column":77}},"37":{"start":{"line":89,"column":6},"end":{"line":89,"column":72}},"38":{"start":{"line":92,"column":4},"end":{"line":108,"column":5}},"39":{"start":{"line":93,"column":6},"end":{"line":99,"column":7}},"40":{"start":{"line":94,"column":8},"end":{"line":95,"column":41}},"41":{"start":{"line":96,"column":13},"end":{"line":99,"column":7}},"42":{"start":{"line":97,"column":8},"end":{"line":98,"column":57}},"43":{"start":{"line":101,"column":6},"end":{"line":101,"column":37}},"44":{"start":{"line":103,"column":6},"end":{"line":105,"column":7}},"45":{"start":{"line":104,"column":8},"end":{"line":104,"column":73}},"46":{"start":{"line":107,"column":6},"end":{"line":107,"column":74}},"47":{"start":{"line":110,"column":4},"end":{"line":119,"column":5}},"48":{"start":{"line":111,"column":6},"end":{"line":114,"column":7}},"49":{"start":{"line":112,"column":8},"end":{"line":113,"column":55}},"50":{"start":{"line":116,"column":6},"end":{"line":116,"column":61}},"51":{"start":{"line":118,"column":6},"end":{"line":118,"column":53}},"52":{"start":{"line":121,"column":4},"end":{"line":121,"column":40}},"53":{"start":{"line":129,"column":4},"end":{"line":137,"column":5}},"54":{"start":{"line":134,"column":6},"end":{"line":134,"column":62}},"55":{"start":{"line":135,"column":11},"end":{"line":137,"column":5}},"56":{"start":{"line":136,"column":6},"end":{"line":136,"column":68}},"57":{"start":{"line":139,"column":4},"end":{"line":148,"column":7}},"58":{"start":{"line":140,"column":6},"end":{"line":142,"column":7}},"59":{"start":{"line":141,"column":8},"end":{"line":141,"column":63}},"60":{"start":{"line":142,"column":8},"end":{"line":147,"column":7}},"61":{"start":{"line":145,"column":8},"end":{"line":146,"column":52}},"62":{"start":{"line":151,"column":4},"end":{"line":159,"column":5}},"63":{"start":{"line":152,"column":6},"end":{"line":154,"column":7}},"64":{"start":{"line":153,"column":8},"end":{"line":153,"column":81}},"65":{"start":{"line":156,"column":6},"end":{"line":156,"column":55}},"66":{"start":{"line":158,"column":6},"end":{"line":158,"column":50}},"67":{"start":{"line":161,"column":33},"end":{"line":161,"column":38}},"68":{"start":{"line":162,"column":4},"end":{"line":165,"column":5}},"69":{"start":{"line":163,"column":6},"end":{"line":164,"column":46}},"70":{"start":{"line":167,"column":4},"end":{"line":167,"column":44}},"71":{"start":{"line":168,"column":17},"end":{"line":168,"column":47}},"72":{"start":{"line":169,"column":4},"end":{"line":181,"column":5}},"73":{"start":{"line":170,"column":6},"end":{"line":171,"column":57}},"74":{"start":{"line":172,"column":11},"end":{"line":181,"column":5}},"75":{"start":{"line":173,"column":6},"end":{"line":174,"column":35}},"76":{"start":{"line":175,"column":11},"end":{"line":181,"column":5}},"77":{"start":{"line":176,"column":6},"end":{"line":177,"column":51}},"78":{"start":{"line":178,"column":11},"end":{"line":181,"column":5}},"79":{"start":{"line":179,"column":6},"end":{"line":180,"column":52}},"80":{"start":{"line":184,"column":21},"end":{"line":184,"column":61}},"81":{"start":{"line":186,"column":52},"end":{"line":186,"column":54}},"82":{"start":{"line":187,"column":14},"end":{"line":187,"column":15}},"83":{"start":{"line":188,"column":4},"end":{"line":190,"column":5}},"84":{"start":{"line":189,"column":6},"end":{"line":189,"column":25}},"85":{"start":{"line":192,"column":4},"end":{"line":198,"column":5}},"86":{"start":{"line":193,"column":18},"end":{"line":195,"column":33}},"87":{"start":{"line":197,"column":6},"end":{"line":197,"column":34}},"88":{"start":{"line":200,"column":4},"end":{"line":200,"column":57}},"89":{"start":{"line":207,"column":15},"end":{"line":207,"column":22}},"90":{"start":{"line":208,"column":4},"end":{"line":216,"column":5}},"91":{"start":{"line":209,"column":6},"end":{"line":209,"column":72}},"92":{"start":{"line":210,"column":11},"end":{"line":216,"column":5}},"93":{"start":{"line":211,"column":6},"end":{"line":211,"column":26}},"94":{"start":{"line":212,"column":6},"end":{"line":215,"column":7}},"95":{"start":{"line":213,"column":8},"end":{"line":214,"column":78}},"96":{"start":{"line":218,"column":38},"end":{"line":218,"column":40}},"97":{"start":{"line":219,"column":18},"end":{"line":219,"column":19}},"98":{"start":{"line":220,"column":21},"end":{"line":220,"column":39}},"99":{"start":{"line":221,"column":4},"end":{"line":281,"column":5}},"100":{"start":{"line":222,"column":20},"end":{"line":222,"column":32}},"101":{"start":{"line":223,"column":22},"end":{"line":223,"column":49}},"102":{"start":{"line":225,"column":22},"end":{"line":225,"column":34}},"103":{"start":{"line":226,"column":24},"end":{"line":226,"column":28}},"104":{"start":{"line":227,"column":6},"end":{"line":229,"column":7}},"105":{"start":{"line":228,"column":8},"end":{"line":228,"column":52}},"106":{"start":{"line":231,"column":6},"end":{"line":231,"column":25}},"107":{"start":{"line":232,"column":6},"end":{"line":236,"column":7}},"108":{"start":{"line":233,"column":8},"end":{"line":233,"column":49}},"109":{"start":{"line":235,"column":8},"end":{"line":235,"column":43}},"110":{"start":{"line":238,"column":6},"end":{"line":241,"column":7}},"111":{"start":{"line":239,"column":8},"end":{"line":240,"column":45}},"112":{"start":{"line":244,"column":6},"end":{"line":248,"column":7}},"113":{"start":{"line":247,"column":8},"end":{"line":247,"column":17}},"114":{"start":{"line":251,"column":19},"end":{"line":253,"column":25}},"115":{"start":{"line":253,"column":22},"end":{"line":253,"column":24}},"116":{"start":{"line":255,"column":18},"end":{"line":255,"column":23}},"117":{"start":{"line":256,"column":6},"end":{"line":262,"column":7}},"118":{"start":{"line":257,"column":20},"end":{"line":257,"column":28}},"119":{"start":{"line":258,"column":8},"end":{"line":261,"column":9}},"120":{"start":{"line":259,"column":10},"end":{"line":259,"column":23}},"121":{"start":{"line":260,"column":10},"end":{"line":260,"column":16}},"122":{"start":{"line":265,"column":6},"end":{"line":267,"column":7}},"123":{"start":{"line":266,"column":8},"end":{"line":266,"column":17}},"124":{"start":{"line":269,"column":33},"end":{"line":269,"column":69}},"125":{"start":{"line":270,"column":6},"end":{"line":272,"column":7}},"126":{"start":{"line":271,"column":8},"end":{"line":271,"column":47}},"127":{"start":{"line":274,"column":6},"end":{"line":278,"column":9}},"128":{"start":{"line":280,"column":6},"end":{"line":280,"column":19}},"129":{"start":{"line":283,"column":4},"end":{"line":283,"column":20}},"130":{"start":{"line":287,"column":4},"end":{"line":287,"column":37}},"131":{"start":{"line":296,"column":4},"end":{"line":308,"column":5}},"132":{"start":{"line":297,"column":6},"end":{"line":301,"column":21}},"133":{"start":{"line":303,"column":6},"end":{"line":307,"column":21}},"134":{"start":{"line":317,"column":4},"end":{"line":319,"column":7}},"135":{"start":{"line":318,"column":6},"end":{"line":318,"column":39}},"136":{"start":{"line":321,"column":4},"end":{"line":323,"column":7}},"137":{"start":{"line":322,"column":6},"end":{"line":322,"column":36}},"138":{"start":{"line":325,"column":4},"end":{"line":327,"column":7}},"139":{"start":{"line":326,"column":6},"end":{"line":326,"column":40}},"140":{"start":{"line":329,"column":4},"end":{"line":331,"column":7}},"141":{"start":{"line":330,"column":6},"end":{"line":330,"column":41}},"142":{"start":{"line":333,"column":21},"end":{"line":333,"column":68}},"143":{"start":{"line":334,"column":4},"end":{"line":349,"column":5}},"144":{"start":{"line":335,"column":26},"end":{"line":335,"column":38}},"145":{"start":{"line":336,"column":26},"end":{"line":336,"column":58}},"146":{"start":{"line":337,"column":26},"end":{"line":337,"column":59}},"147":{"start":{"line":338,"column":6},"end":{"line":348,"column":7}},"148":{"start":{"line":339,"column":27},"end":{"line":339,"column":42}},"149":{"start":{"line":340,"column":8},"end":{"line":347,"column":11}},"150":{"start":{"line":341,"column":21},"end":{"line":346,"column":12}},"151":{"start":{"line":351,"column":4},"end":{"line":353,"column":7}},"152":{"start":{"line":352,"column":6},"end":{"line":352,"column":42}},"153":{"start":{"line":355,"column":4},"end":{"line":357,"column":7}},"154":{"start":{"line":356,"column":6},"end":{"line":356,"column":42}},"155":{"start":{"line":359,"column":4},"end":{"line":361,"column":7}},"156":{"start":{"line":360,"column":6},"end":{"line":360,"column":39}},"157":{"start":{"line":363,"column":4},"end":{"line":365,"column":7}},"158":{"start":{"line":364,"column":6},"end":{"line":364,"column":43}},"159":{"start":{"line":367,"column":4},"end":{"line":367,"column":17}},"160":{"start":{"line":376,"column":4},"end":{"line":378,"column":7}},"161":{"start":{"line":377,"column":6},"end":{"line":377,"column":52}},"162":{"start":{"line":380,"column":4},"end":{"line":382,"column":7}},"163":{"start":{"line":381,"column":6},"end":{"line":381,"column":49}},"164":{"start":{"line":384,"column":4},"end":{"line":386,"column":7}},"165":{"start":{"line":385,"column":6},"end":{"line":385,"column":53}},"166":{"start":{"line":388,"column":4},"end":{"line":390,"column":7}},"167":{"start":{"line":389,"column":6},"end":{"line":389,"column":54}},"168":{"start":{"line":392,"column":4},"end":{"line":413,"column":7}},"169":{"start":{"line":393,"column":6},"end":{"line":412,"column":7}},"170":{"start":{"line":394,"column":8},"end":{"line":394,"column":53}},"171":{"start":{"line":395,"column":13},"end":{"line":412,"column":7}},"172":{"start":{"line":396,"column":20},"end":{"line":396,"column":41}},"173":{"start":{"line":397,"column":8},"end":{"line":408,"column":13}},"174":{"start":{"line":399,"column":32},"end":{"line":399,"column":64}},"175":{"start":{"line":400,"column":12},"end":{"line":407,"column":15}},"176":{"start":{"line":401,"column":25},"end":{"line":406,"column":15}},"177":{"start":{"line":410,"column":8},"end":{"line":411,"column":36}},"178":{"start":{"line":415,"column":4},"end":{"line":417,"column":7}},"179":{"start":{"line":416,"column":6},"end":{"line":416,"column":55}},"180":{"start":{"line":419,"column":4},"end":{"line":421,"column":7}},"181":{"start":{"line":420,"column":6},"end":{"line":420,"column":55}},"182":{"start":{"line":423,"column":4},"end":{"line":425,"column":7}},"183":{"start":{"line":424,"column":6},"end":{"line":424,"column":52}},"184":{"start":{"line":427,"column":4},"end":{"line":429,"column":7}},"185":{"start":{"line":428,"column":6},"end":{"line":428,"column":56}},"186":{"start":{"line":431,"column":4},"end":{"line":431,"column":17}},"187":{"start":{"line":435,"column":0},"end":{"line":435,"column":22}}},"fnMap":{"0":{"name":"(anonymous_0)","decl":{"start":{"line":21,"column":2},"end":{"line":22,"column":3}},"loc":{"start":{"line":23,"column":40},"end":{"line":122,"column":3}}},"1":{"name":"(anonymous_1)","decl":{"start":{"line":124,"column":2},"end":{"line":124,"column":5}},"loc":{"start":{"line":127,"column":28},"end":{"line":201,"column":3}}},"2":{"name":"(anonymous_2)","decl":{"start":{"line":139,"column":18},"end":{"line":139,"column":19}},"loc":{"start":{"line":139,"column":27},"end":{"line":148,"column":5}}},"3":{"name":"(anonymous_3)","decl":{"start":{"line":203,"column":2},"end":{"line":203,"column":19}},"loc":{"start":{"line":205,"column":29},"end":{"line":284,"column":3}}},"4":{"name":"(anonymous_4)","decl":{"start":{"line":253,"column":16},"end":{"line":253,"column":17}},"loc":{"start":{"line":253,"column":22},"end":{"line":253,"column":24}}},"5":{"name":"(anonymous_5)","decl":{"start":{"line":286,"column":2},"end":{"line":286,"column":19}},"loc":{"start":{"line":286,"column":46},"end":{"line":288,"column":3}}},"6":{"name":"(anonymous_6)","decl":{"start":{"line":290,"column":12},"end":{"line":290,"column":19}},"loc":{"start":{"line":294,"column":38},"end":{"line":309,"column":3}}},"7":{"name":"(anonymous_7)","decl":{"start":{"line":311,"column":12},"end":{"line":311,"column":29}},"loc":{"start":{"line":315,"column":34},"end":{"line":368,"column":3}}},"8":{"name":"(anonymous_8)","decl":{"start":{"line":317,"column":18},"end":{"line":317,"column":19}},"loc":{"start":{"line":317,"column":27},"end":{"line":319,"column":5}}},"9":{"name":"(anonymous_9)","decl":{"start":{"line":321,"column":18},"end":{"line":321,"column":19}},"loc":{"start":{"line":321,"column":27},"end":{"line":323,"column":5}}},"10":{"name":"(anonymous_10)","decl":{"start":{"line":325,"column":18},"end":{"line":325,"column":19}},"loc":{"start":{"line":325,"column":27},"end":{"line":327,"column":5}}},"11":{"name":"(anonymous_11)","decl":{"start":{"line":329,"column":18},"end":{"line":329,"column":19}},"loc":{"start":{"line":329,"column":27},"end":{"line":331,"column":5}}},"12":{"name":"(anonymous_12)","decl":{"start":{"line":340,"column":22},"end":{"line":340,"column":23}},"loc":{"start":{"line":340,"column":31},"end":{"line":347,"column":9}}},"13":{"name":"(anonymous_13)","decl":{"start":{"line":351,"column":18},"end":{"line":351,"column":19}},"loc":{"start":{"line":351,"column":27},"end":{"line":353,"column":5}}},"14":{"name":"(anonymous_14)","decl":{"start":{"line":355,"column":18},"end":{"line":355,"column":19}},"loc":{"start":{"line":355,"column":27},"end":{"line":357,"column":5}}},"15":{"name":"(anonymous_15)","decl":{"start":{"line":359,"column":18},"end":{"line":359,"column":19}},"loc":{"start":{"line":359,"column":27},"end":{"line":361,"column":5}}},"16":{"name":"(anonymous_16)","decl":{"start":{"line":363,"column":18},"end":{"line":363,"column":19}},"loc":{"start":{"line":363,"column":27},"end":{"line":365,"column":5}}},"17":{"name":"(anonymous_17)","decl":{"start":{"line":370,"column":12},"end":{"line":370,"column":30}},"loc":{"start":{"line":374,"column":28},"end":{"line":432,"column":3}}},"18":{"name":"(anonymous_18)","decl":{"start":{"line":376,"column":18},"end":{"line":376,"column":19}},"loc":{"start":{"line":376,"column":31},"end":{"line":378,"column":5}}},"19":{"name":"(anonymous_19)","decl":{"start":{"line":380,"column":18},"end":{"line":380,"column":19}},"loc":{"start":{"line":380,"column":31},"end":{"line":382,"column":5}}},"20":{"name":"(anonymous_20)","decl":{"start":{"line":384,"column":18},"end":{"line":384,"column":19}},"loc":{"start":{"line":384,"column":31},"end":{"line":386,"column":5}}},"21":{"name":"(anonymous_21)","decl":{"start":{"line":388,"column":18},"end":{"line":388,"column":19}},"loc":{"start":{"line":388,"column":31},"end":{"line":390,"column":5}}},"22":{"name":"(anonymous_22)","decl":{"start":{"line":392,"column":18},"end":{"line":392,"column":19}},"loc":{"start":{"line":392,"column":31},"end":{"line":413,"column":5}}},"23":{"name":"(anonymous_23)","decl":{"start":{"line":398,"column":19},"end":{"line":398,"column":20}},"loc":{"start":{"line":398,"column":35},"end":{"line":408,"column":11}}},"24":{"name":"(anonymous_24)","decl":{"start":{"line":400,"column":49},"end":{"line":400,"column":50}},"loc":{"start":{"line":400,"column":64},"end":{"line":407,"column":13}}},"25":{"name":"(anonymous_25)","decl":{"start":{"line":415,"column":18},"end":{"line":415,"column":19}},"loc":{"start":{"line":415,"column":31},"end":{"line":417,"column":5}}},"26":{"name":"(anonymous_26)","decl":{"start":{"line":419,"column":18},"end":{"line":419,"column":19}},"loc":{"start":{"line":419,"column":31},"end":{"line":421,"column":5}}},"27":{"name":"(anonymous_27)","decl":{"start":{"line":423,"column":18},"end":{"line":423,"column":19}},"loc":{"start":{"line":423,"column":31},"end":{"line":425,"column":5}}},"28":{"name":"(anonymous_28)","decl":{"start":{"line":427,"column":18},"end":{"line":427,"column":19}},"loc":{"start":{"line":427,"column":31},"end":{"line":429,"column":5}}}},"branchMap":{"0":{"loc":{"start":{"line":23,"column":38},"end":{"line":23,"column":40}},"type":"default-arg","locations":[{"start":{"line":23,"column":38},"end":{"line":23,"column":40}}]},"1":{"loc":{"start":{"line":25,"column":4},"end":{"line":27,"column":5}},"type":"if","locations":[{"start":{"line":25,"column":4},"end":{"line":27,"column":5}},{"start":{"line":25,"column":4},"end":{"line":27,"column":5}}]},"2":{"loc":{"start":{"line":25,"column":8},"end":{"line":25,"column":15}},"type":"binary-expr","locations":[{"start":{"line":25,"column":8},"end":{"line":25,"column":15}},{"start":{"line":25,"column":19},"end":{"line":25,"column":53}}]},"3":{"loc":{"start":{"line":31,"column":4},"end":{"line":33,"column":5}},"type":"if","locations":[{"start":{"line":31,"column":4},"end":{"line":33,"column":5}},{"start":{"line":31,"column":4},"end":{"line":33,"column":5}}]},"4":{"loc":{"start":{"line":31,"column":8},"end":{"line":31,"column":16}},"type":"binary-expr","locations":[{"start":{"line":31,"column":8},"end":{"line":31,"column":16}},{"start":{"line":31,"column":20},"end":{"line":31,"column":47}}]},"5":{"loc":{"start":{"line":37,"column":4},"end":{"line":46,"column":5}},"type":"if","locations":[{"start":{"line":37,"column":4},"end":{"line":46,"column":5}},{"start":{"line":37,"column":4},"end":{"line":46,"column":5}}]},"6":{"loc":{"start":{"line":38,"column":6},"end":{"line":41,"column":7}},"type":"if","locations":[{"start":{"line":38,"column":6},"end":{"line":41,"column":7}},{"start":{"line":38,"column":6},"end":{"line":41,"column":7}}]},"7":{"loc":{"start":{"line":48,"column":4},"end":{"line":67,"column":5}},"type":"if","locations":[{"start":{"line":48,"column":4},"end":{"line":67,"column":5}},{"start":{"line":48,"column":4},"end":{"line":67,"column":5}}]},"8":{"loc":{"start":{"line":49,"column":6},"end":{"line":54,"column":7}},"type":"if","locations":[{"start":{"line":49,"column":6},"end":{"line":54,"column":7}},{"start":{"line":49,"column":6},"end":{"line":54,"column":7}}]},"9":{"loc":{"start":{"line":49,"column":10},"end":{"line":49,"column":32}},"type":"binary-expr","locations":[{"start":{"line":49,"column":10},"end":{"line":49,"column":32}},{"start":{"line":50,"column":8},"end":{"line":50,"column":49}}]},"10":{"loc":{"start":{"line":58,"column":6},"end":{"line":62,"column":7}},"type":"if","locations":[{"start":{"line":58,"column":6},"end":{"line":62,"column":7}},{"start":{"line":58,"column":6},"end":{"line":62,"column":7}}]},"11":{"loc":{"start":{"line":69,"column":4},"end":{"line":90,"column":5}},"type":"if","locations":[{"start":{"line":69,"column":4},"end":{"line":90,"column":5}},{"start":{"line":69,"column":4},"end":{"line":90,"column":5}}]},"12":{"loc":{"start":{"line":70,"column":6},"end":{"line":73,"column":7}},"type":"if","locations":[{"start":{"line":70,"column":6},"end":{"line":73,"column":7}},{"start":{"line":70,"column":6},"end":{"line":73,"column":7}}]},"13":{"loc":{"start":{"line":77,"column":6},"end":{"line":81,"column":7}},"type":"if","locations":[{"start":{"line":77,"column":6},"end":{"line":81,"column":7}},{"start":{"line":77,"column":6},"end":{"line":81,"column":7}}]},"14":{"loc":{"start":{"line":85,"column":6},"end":{"line":87,"column":7}},"type":"if","locations":[{"start":{"line":85,"column":6},"end":{"line":87,"column":7}},{"start":{"line":85,"column":6},"end":{"line":87,"column":7}}]},"15":{"loc":{"start":{"line":92,"column":4},"end":{"line":108,"column":5}},"type":"if","locations":[{"start":{"line":92,"column":4},"end":{"line":108,"column":5}},{"start":{"line":92,"column":4},"end":{"line":108,"column":5}}]},"16":{"loc":{"start":{"line":93,"column":6},"end":{"line":99,"column":7}},"type":"if","locations":[{"start":{"line":93,"column":6},"end":{"line":99,"column":7}},{"start":{"line":93,"column":6},"end":{"line":99,"column":7}}]},"17":{"loc":{"start":{"line":96,"column":13},"end":{"line":99,"column":7}},"type":"if","locations":[{"start":{"line":96,"column":13},"end":{"line":99,"column":7}},{"start":{"line":96,"column":13},"end":{"line":99,"column":7}}]},"18":{"loc":{"start":{"line":103,"column":6},"end":{"line":105,"column":7}},"type":"if","locations":[{"start":{"line":103,"column":6},"end":{"line":105,"column":7}},{"start":{"line":103,"column":6},"end":{"line":105,"column":7}}]},"19":{"loc":{"start":{"line":110,"column":4},"end":{"line":119,"column":5}},"type":"if","locations":[{"start":{"line":110,"column":4},"end":{"line":119,"column":5}},{"start":{"line":110,"column":4},"end":{"line":119,"column":5}}]},"20":{"loc":{"start":{"line":111,"column":6},"end":{"line":114,"column":7}},"type":"if","locations":[{"start":{"line":111,"column":6},"end":{"line":114,"column":7}},{"start":{"line":111,"column":6},"end":{"line":114,"column":7}}]},"21":{"loc":{"start":{"line":129,"column":4},"end":{"line":137,"column":5}},"type":"if","locations":[{"start":{"line":129,"column":4},"end":{"line":137,"column":5}},{"start":{"line":129,"column":4},"end":{"line":137,"column":5}}]},"22":{"loc":{"start":{"line":129,"column":8},"end":{"line":129,"column":14}},"type":"binary-expr","locations":[{"start":{"line":129,"column":8},"end":{"line":129,"column":14}},{"start":{"line":130,"column":6},"end":{"line":130,"column":31}},{"start":{"line":131,"column":6},"end":{"line":131,"column":40}},{"start":{"line":132,"column":6},"end":{"line":132,"column":41}}]},"23":{"loc":{"start":{"line":135,"column":11},"end":{"line":137,"column":5}},"type":"if","locations":[{"start":{"line":135,"column":11},"end":{"line":137,"column":5}},{"start":{"line":135,"column":11},"end":{"line":137,"column":5}}]},"24":{"loc":{"start":{"line":140,"column":6},"end":{"line":142,"column":7}},"type":"if","locations":[{"start":{"line":140,"column":6},"end":{"line":142,"column":7}},{"start":{"line":140,"column":6},"end":{"line":142,"column":7}}]},"25":{"loc":{"start":{"line":140,"column":10},"end":{"line":140,"column":15}},"type":"binary-expr","locations":[{"start":{"line":140,"column":10},"end":{"line":140,"column":15}},{"start":{"line":140,"column":19},"end":{"line":140,"column":43}}]},"26":{"loc":{"start":{"line":142,"column":8},"end":{"line":147,"column":7}},"type":"if","locations":[{"start":{"line":142,"column":8},"end":{"line":147,"column":7}},{"start":{"line":142,"column":8},"end":{"line":147,"column":7}}]},"27":{"loc":{"start":{"line":142,"column":12},"end":{"line":142,"column":46}},"type":"binary-expr","locations":[{"start":{"line":142,"column":12},"end":{"line":142,"column":46}},{"start":{"line":143,"column":8},"end":{"line":143,"column":51}}]},"28":{"loc":{"start":{"line":151,"column":4},"end":{"line":159,"column":5}},"type":"if","locations":[{"start":{"line":151,"column":4},"end":{"line":159,"column":5}},{"start":{"line":151,"column":4},"end":{"line":159,"column":5}}]},"29":{"loc":{"start":{"line":152,"column":6},"end":{"line":154,"column":7}},"type":"if","locations":[{"start":{"line":152,"column":6},"end":{"line":154,"column":7}},{"start":{"line":152,"column":6},"end":{"line":154,"column":7}}]},"30":{"loc":{"start":{"line":152,"column":10},"end":{"line":152,"column":23}},"type":"binary-expr","locations":[{"start":{"line":152,"column":10},"end":{"line":152,"column":23}},{"start":{"line":152,"column":27},"end":{"line":152,"column":54}}]},"31":{"loc":{"start":{"line":162,"column":4},"end":{"line":165,"column":5}},"type":"if","locations":[{"start":{"line":162,"column":4},"end":{"line":165,"column":5}},{"start":{"line":162,"column":4},"end":{"line":165,"column":5}}]},"32":{"loc":{"start":{"line":162,"column":8},"end":{"line":162,"column":20}},"type":"binary-expr","locations":[{"start":{"line":162,"column":8},"end":{"line":162,"column":20}},{"start":{"line":162,"column":24},"end":{"line":162,"column":55}}]},"33":{"loc":{"start":{"line":169,"column":4},"end":{"line":181,"column":5}},"type":"if","locations":[{"start":{"line":169,"column":4},"end":{"line":181,"column":5}},{"start":{"line":169,"column":4},"end":{"line":181,"column":5}}]},"34":{"loc":{"start":{"line":172,"column":11},"end":{"line":181,"column":5}},"type":"if","locations":[{"start":{"line":172,"column":11},"end":{"line":181,"column":5}},{"start":{"line":172,"column":11},"end":{"line":181,"column":5}}]},"35":{"loc":{"start":{"line":172,"column":15},"end":{"line":172,"column":28}},"type":"binary-expr","locations":[{"start":{"line":172,"column":15},"end":{"line":172,"column":28}},{"start":{"line":172,"column":32},"end":{"line":172,"column":64}}]},"36":{"loc":{"start":{"line":175,"column":11},"end":{"line":181,"column":5}},"type":"if","locations":[{"start":{"line":175,"column":11},"end":{"line":181,"column":5}},{"start":{"line":175,"column":11},"end":{"line":181,"column":5}}]},"37":{"loc":{"start":{"line":178,"column":11},"end":{"line":181,"column":5}},"type":"if","locations":[{"start":{"line":178,"column":11},"end":{"line":181,"column":5}},{"start":{"line":178,"column":11},"end":{"line":181,"column":5}}]},"38":{"loc":{"start":{"line":188,"column":4},"end":{"line":190,"column":5}},"type":"if","locations":[{"start":{"line":188,"column":4},"end":{"line":190,"column":5}},{"start":{"line":188,"column":4},"end":{"line":190,"column":5}}]},"39":{"loc":{"start":{"line":208,"column":4},"end":{"line":216,"column":5}},"type":"if","locations":[{"start":{"line":208,"column":4},"end":{"line":216,"column":5}},{"start":{"line":208,"column":4},"end":{"line":216,"column":5}}]},"40":{"loc":{"start":{"line":210,"column":11},"end":{"line":216,"column":5}},"type":"if","locations":[{"start":{"line":210,"column":11},"end":{"line":216,"column":5}},{"start":{"line":210,"column":11},"end":{"line":216,"column":5}}]},"41":{"loc":{"start":{"line":212,"column":6},"end":{"line":215,"column":7}},"type":"if","locations":[{"start":{"line":212,"column":6},"end":{"line":215,"column":7}},{"start":{"line":212,"column":6},"end":{"line":215,"column":7}}]},"42":{"loc":{"start":{"line":212,"column":10},"end":{"line":212,"column":15}},"type":"binary-expr","locations":[{"start":{"line":212,"column":10},"end":{"line":212,"column":15}},{"start":{"line":212,"column":19},"end":{"line":212,"column":43}}]},"43":{"loc":{"start":{"line":227,"column":6},"end":{"line":229,"column":7}},"type":"if","locations":[{"start":{"line":227,"column":6},"end":{"line":229,"column":7}},{"start":{"line":227,"column":6},"end":{"line":229,"column":7}}]},"44":{"loc":{"start":{"line":232,"column":6},"end":{"line":236,"column":7}},"type":"if","locations":[{"start":{"line":232,"column":6},"end":{"line":236,"column":7}},{"start":{"line":232,"column":6},"end":{"line":236,"column":7}}]},"45":{"loc":{"start":{"line":238,"column":6},"end":{"line":241,"column":7}},"type":"if","locations":[{"start":{"line":238,"column":6},"end":{"line":241,"column":7}},{"start":{"line":238,"column":6},"end":{"line":241,"column":7}}]},"46":{"loc":{"start":{"line":244,"column":6},"end":{"line":248,"column":7}},"type":"if","locations":[{"start":{"line":244,"column":6},"end":{"line":248,"column":7}},{"start":{"line":244,"column":6},"end":{"line":248,"column":7}}]},"47":{"loc":{"start":{"line":244,"column":10},"end":{"line":244,"column":73}},"type":"binary-expr","locations":[{"start":{"line":244,"column":10},"end":{"line":244,"column":73}},{"start":{"line":245,"column":10},"end":{"line":245,"column":78}}]},"48":{"loc":{"start":{"line":251,"column":20},"end":{"line":251,"column":46}},"type":"binary-expr","locations":[{"start":{"line":251,"column":20},"end":{"line":251,"column":46}},{"start":{"line":251,"column":50},"end":{"line":251,"column":52}}]},"49":{"loc":{"start":{"line":258,"column":8},"end":{"line":261,"column":9}},"type":"if","locations":[{"start":{"line":258,"column":8},"end":{"line":261,"column":9}},{"start":{"line":258,"column":8},"end":{"line":261,"column":9}}]},"50":{"loc":{"start":{"line":265,"column":6},"end":{"line":267,"column":7}},"type":"if","locations":[{"start":{"line":265,"column":6},"end":{"line":267,"column":7}},{"start":{"line":265,"column":6},"end":{"line":267,"column":7}}]},"51":{"loc":{"start":{"line":270,"column":6},"end":{"line":272,"column":7}},"type":"if","locations":[{"start":{"line":270,"column":6},"end":{"line":272,"column":7}},{"start":{"line":270,"column":6},"end":{"line":272,"column":7}}]},"52":{"loc":{"start":{"line":270,"column":10},"end":{"line":270,"column":29}},"type":"binary-expr","locations":[{"start":{"line":270,"column":10},"end":{"line":270,"column":29}},{"start":{"line":270,"column":33},"end":{"line":270,"column":59}}]},"53":{"loc":{"start":{"line":294,"column":36},"end":{"line":294,"column":38}},"type":"default-arg","locations":[{"start":{"line":294,"column":36},"end":{"line":294,"column":38}}]},"54":{"loc":{"start":{"line":296,"column":4},"end":{"line":308,"column":5}},"type":"if","locations":[{"start":{"line":296,"column":4},"end":{"line":308,"column":5}},{"start":{"line":296,"column":4},"end":{"line":308,"column":5}}]},"55":{"loc":{"start":{"line":315,"column":32},"end":{"line":315,"column":34}},"type":"default-arg","locations":[{"start":{"line":315,"column":32},"end":{"line":315,"column":34}}]},"56":{"loc":{"start":{"line":374,"column":26},"end":{"line":374,"column":28}},"type":"default-arg","locations":[{"start":{"line":374,"column":26},"end":{"line":374,"column":28}}]},"57":{"loc":{"start":{"line":393,"column":6},"end":{"line":412,"column":7}},"type":"if","locations":[{"start":{"line":393,"column":6},"end":{"line":412,"column":7}},{"start":{"line":393,"column":6},"end":{"line":412,"column":7}}]},"58":{"loc":{"start":{"line":395,"column":13},"end":{"line":412,"column":7}},"type":"if","locations":[{"start":{"line":395,"column":13},"end":{"line":412,"column":7}},{"start":{"line":395,"column":13},"end":{"line":412,"column":7}}]}},"s":{"0":1,"1":1,"2":1,"3":1,"4":1,"5":1,"6":1,"7":40,"8":21,"9":19,"10":19,"11":1,"12":18,"13":18,"14":2,"15":1,"16":1,"17":16,"18":17,"19":4,"20":1,"21":3,"22":3,"23":3,"24":1,"25":2,"26":13,"27":15,"28":3,"29":1,"30":2,"31":2,"32":2,"33":0,"34":2,"35":12,"36":1,"37":11,"38":13,"39":3,"40":1,"41":2,"42":1,"43":1,"44":10,"45":0,"46":10,"47":11,"48":2,"49":1,"50":1,"51":9,"52":10,"53":0,"54":0,"55":0,"56":0,"57":0,"58":0,"59":0,"60":0,"61":0,"62":0,"63":0,"64":0,"65":0,"66":0,"67":0,"68":0,"69":0,"70":0,"71":0,"72":0,"73":0,"74":0,"75":0,"76":0,"77":0,"78":0,"79":0,"80":0,"81":0,"82":0,"83":0,"84":0,"85":0,"86":0,"87":0,"88":0,"89":0,"90":0,"91":0,"92":0,"93":0,"94":0,"95":0,"96":0,"97":0,"98":0,"99":0,"100":0,"101":0,"102":0,"103":0,"104":0,"105":0,"106":0,"107":0,"108":0,"109":0,"110":0,"111":0,"112":0,"113":0,"114":0,"115":0,"116":0,"117":0,"118":0,"119":0,"120":0,"121":0,"122":0,"123":0,"124":0,"125":0,"126":0,"127":0,"128":0,"129":0,"130":0,"131":0,"132":0,"133":0,"134":0,"135":0,"136":0,"137":0,"138":0,"139":0,"140":0,"141":0,"142":0,"143":0,"144":0,"145":0,"146":0,"147":0,"148":0,"149":0,"150":0,"151":0,"152":0,"153":0,"154":0,"155":0,"156":0,"157":0,"158":0,"159":0,"160":0,"161":0,"162":0,"163":0,"164":0,"165":0,"166":0,"167":0,"168":0,"169":0,"170":0,"171":0,"172":0,"173":0,"174":0,"175":0,"176":0,"177":0,"178":0,"179":0,"180":0,"181":0,"182":0,"183":0,"184":0,"185":0,"186":0,"187":1},"f":{"0":40,"1":0,"2":0,"3":0,"4":0,"5":0,"6":0,"7":0,"8":0,"9":0,"10":0,"11":0,"12":0,"13":0,"14":0,"15":0,"16":0,"17":0,"18":0,"19":0,"20":0,"21":0,"22":0,"23":0,"24":0,"25":0,"26":0,"27":0,"28":0},"b":{"0":[5],"1":[21,19],"2":[40,19],"3":[1,18],"4":[19,18],"5":[2,16],"6":[1,1],"7":[4,13],"8":[1,3],"9":[4,4],"10":[1,2],"11":[3,12],"12":[1,2],"13":[0,2],"14":[1,11],"15":[3,10],"16":[1,2],"17":[1,1],"18":[0,10],"19":[2,9],"20":[1,1],"21":[0,0],"22":[0,0,0,0],"23":[0,0],"24":[0,0],"25":[0,0],"26":[0,0],"27":[0,0],"28":[0,0],"29":[0,0],"30":[0,0],"31":[0,0],"32":[0,0],"33":[0,0],"34":[0,0],"35":[0,0],"36":[0,0],"37":[0,0],"38":[0,0],"39":[0,0],"40":[0,0],"41":[0,0],"42":[0,0],"43":[0,0],"44":[0,0],"45":[0,0],"46":[0,0],"47":[0,0],"48":[0,0],"49":[0,0],"50":[0,0],"51":[0,0],"52":[0,0],"53":[0],"54":[0,0],"55":[0],"56":[0],"57":[0,0],"58":[0,0]}}
,"/Users/furkle/Documents/twine-linter/src/NodeLike/AbstractNodeLike.ts": {"path":"/Users/furkle/Documents/twine-linter/src/NodeLike/AbstractNodeLike.ts","statementMap":{"0":{"start":{"line":6,"column":0},"end":{"line":6,"column":74}},"1":{"start":{"line":7,"column":0},"end":{"line":7,"column":73}},"2":{"start":{"line":11,"column":0},"end":{"line":13,"column":18}},"3":{"start":{"line":28,"column":11},"end":{"line":28,"column":47}},"4":{"start":{"line":29,"column":11},"end":{"line":29,"column":47}},"5":{"start":{"line":30,"column":11},"end":{"line":30,"column":47}},"6":{"start":{"line":31,"column":11},"end":{"line":31,"column":47}},"7":{"start":{"line":32,"column":11},"end":{"line":32,"column":47}},"8":{"start":{"line":33,"column":11},"end":{"line":33,"column":48}},"9":{"start":{"line":34,"column":11},"end":{"line":34,"column":48}},"10":{"start":{"line":36,"column":12},"end":{"line":36,"column":70}},"11":{"start":{"line":37,"column":12},"end":{"line":37,"column":70}},"12":{"start":{"line":38,"column":12},"end":{"line":38,"column":69}},"13":{"start":{"line":39,"column":12},"end":{"line":39,"column":84}},"14":{"start":{"line":40,"column":12},"end":{"line":40,"column":84}},"15":{"start":{"line":60,"column":4},"end":{"line":60,"column":33}},"16":{"start":{"line":67,"column":6},"end":{"line":77,"column":7}},"17":{"start":{"line":68,"column":8},"end":{"line":68,"column":20}},"18":{"start":{"line":70,"column":50},"end":{"line":70,"column":71}},"19":{"start":{"line":71,"column":8},"end":{"line":76,"column":9}},"20":{"start":{"line":72,"column":44},"end":{"line":72,"column":58}},"21":{"start":{"line":73,"column":10},"end":{"line":75,"column":11}},"22":{"start":{"line":74,"column":12},"end":{"line":74,"column":24}},"23":{"start":{"line":79,"column":6},"end":{"line":79,"column":19}},"24":{"start":{"line":84,"column":4},"end":{"line":84,"column":41}},"25":{"start":{"line":88,"column":4},"end":{"line":92,"column":5}},"26":{"start":{"line":91,"column":6},"end":{"line":91,"column":19}},"27":{"start":{"line":94,"column":23},"end":{"line":94,"column":38}},"28":{"start":{"line":95,"column":16},"end":{"line":95,"column":20}},"29":{"start":{"line":96,"column":4},"end":{"line":106,"column":9}},"30":{"start":{"line":99,"column":30},"end":{"line":99,"column":38}},"31":{"start":{"line":100,"column":8},"end":{"line":102,"column":9}},"32":{"start":{"line":101,"column":10},"end":{"line":101,"column":24}},"33":{"start":{"line":105,"column":8},"end":{"line":105,"column":21}},"34":{"start":{"line":108,"column":6},"end":{"line":108,"column":19}},"35":{"start":{"line":112,"column":4},"end":{"line":112,"column":25}},"36":{"start":{"line":116,"column":4},"end":{"line":116,"column":11}},"37":{"start":{"line":120,"column":4},"end":{"line":122,"column":5}},"38":{"start":{"line":121,"column":6},"end":{"line":121,"column":67}},"39":{"start":{"line":124,"column":4},"end":{"line":124,"column":36}},"40":{"start":{"line":125,"column":4},"end":{"line":125,"column":20}},"41":{"start":{"line":129,"column":4},"end":{"line":131,"column":5}},"42":{"start":{"line":130,"column":6},"end":{"line":130,"column":63}},"43":{"start":{"line":133,"column":4},"end":{"line":145,"column":5}},"44":{"start":{"line":134,"column":6},"end":{"line":144,"column":7}},"45":{"start":{"line":137,"column":8},"end":{"line":138,"column":41}},"46":{"start":{"line":139,"column":13},"end":{"line":144,"column":7}},"47":{"start":{"line":142,"column":8},"end":{"line":143,"column":40}},"48":{"start":{"line":147,"column":4},"end":{"line":147,"column":35}},"49":{"start":{"line":148,"column":4},"end":{"line":148,"column":22}},"50":{"start":{"line":152,"column":4},"end":{"line":159,"column":5}},"51":{"start":{"line":153,"column":6},"end":{"line":158,"column":7}},"52":{"start":{"line":154,"column":8},"end":{"line":155,"column":41}},"53":{"start":{"line":156,"column":13},"end":{"line":158,"column":7}},"54":{"start":{"line":157,"column":8},"end":{"line":157,"column":73}},"55":{"start":{"line":161,"column":4},"end":{"line":161,"column":45}},"56":{"start":{"line":162,"column":4},"end":{"line":162,"column":27}},"57":{"start":{"line":166,"column":4},"end":{"line":173,"column":5}},"58":{"start":{"line":167,"column":6},"end":{"line":172,"column":7}},"59":{"start":{"line":168,"column":8},"end":{"line":169,"column":41}},"60":{"start":{"line":170,"column":13},"end":{"line":172,"column":7}},"61":{"start":{"line":171,"column":8},"end":{"line":171,"column":73}},"62":{"start":{"line":175,"column":4},"end":{"line":175,"column":37}},"63":{"start":{"line":176,"column":4},"end":{"line":176,"column":23}},"64":{"start":{"line":180,"column":4},"end":{"line":182,"column":5}},"65":{"start":{"line":181,"column":6},"end":{"line":181,"column":58}},"66":{"start":{"line":184,"column":4},"end":{"line":184,"column":45}},"67":{"start":{"line":188,"column":0},"end":{"line":188,"column":32}}},"fnMap":{"0":{"name":"(anonymous_0)","decl":{"start":{"line":14,"column":0},"end":{"line":null,"column":-1}},"loc":{"start":{"line":14,"column":0},"end":{"line":186,"column":1}}},"1":{"name":"(anonymous_1)","decl":{"start":{"line":59,"column":2},"end":{"line":59,"column":9}},"loc":{"start":{"line":59,"column":31},"end":{"line":81,"column":3}}},"2":{"name":"__recurse","decl":{"start":{"line":62,"column":4},"end":{"line":63,"column":5}},"loc":{"start":{"line":64,"column":27},"end":{"line":80,"column":5}}},"3":{"name":"(anonymous_3)","decl":{"start":{"line":83,"column":2},"end":{"line":83,"column":14}},"loc":{"start":{"line":83,"column":15},"end":{"line":85,"column":3}}},"4":{"name":"(anonymous_4)","decl":{"start":{"line":87,"column":2},"end":{"line":87,"column":12}},"loc":{"start":{"line":87,"column":29},"end":{"line":109,"column":3}}},"5":{"name":"(anonymous_5)","decl":{"start":{"line":98,"column":15},"end":{"line":98,"column":16}},"loc":{"start":{"line":98,"column":57},"end":{"line":106,"column":7}}},"6":{"name":"(anonymous_6)","decl":{"start":{"line":111,"column":2},"end":{"line":111,"column":11}},"loc":{"start":{"line":111,"column":28},"end":{"line":113,"column":3}}},"7":{"name":"(anonymous_7)","decl":{"start":{"line":115,"column":2},"end":{"line":115,"column":10}},"loc":{"start":{"line":115,"column":11},"end":{"line":117,"column":3}}},"8":{"name":"(anonymous_8)","decl":{"start":{"line":119,"column":2},"end":{"line":119,"column":14}},"loc":{"start":{"line":119,"column":39},"end":{"line":126,"column":3}}},"9":{"name":"(anonymous_9)","decl":{"start":{"line":128,"column":2},"end":{"line":128,"column":16}},"loc":{"start":{"line":128,"column":52},"end":{"line":149,"column":3}}},"10":{"name":"(anonymous_10)","decl":{"start":{"line":151,"column":2},"end":{"line":151,"column":21}},"loc":{"start":{"line":151,"column":61},"end":{"line":163,"column":3}}},"11":{"name":"(anonymous_11)","decl":{"start":{"line":165,"column":2},"end":{"line":165,"column":17}},"loc":{"start":{"line":165,"column":68},"end":{"line":177,"column":3}}},"12":{"name":"(anonymous_12)","decl":{"start":{"line":179,"column":2},"end":{"line":179,"column":13}},"loc":{"start":{"line":179,"column":14},"end":{"line":185,"column":3}}}},"branchMap":{"0":{"loc":{"start":{"line":67,"column":6},"end":{"line":77,"column":7}},"type":"if","locations":[{"start":{"line":67,"column":6},"end":{"line":77,"column":7}},{"start":{"line":67,"column":6},"end":{"line":77,"column":7}}]},"1":{"loc":{"start":{"line":73,"column":10},"end":{"line":75,"column":11}},"type":"if","locations":[{"start":{"line":73,"column":10},"end":{"line":75,"column":11}},{"start":{"line":73,"column":10},"end":{"line":75,"column":11}}]},"2":{"loc":{"start":{"line":88,"column":4},"end":{"line":92,"column":5}},"type":"if","locations":[{"start":{"line":88,"column":4},"end":{"line":92,"column":5}},{"start":{"line":88,"column":4},"end":{"line":92,"column":5}}]},"3":{"loc":{"start":{"line":88,"column":8},"end":{"line":88,"column":39}},"type":"binary-expr","locations":[{"start":{"line":88,"column":8},"end":{"line":88,"column":39}},{"start":{"line":89,"column":8},"end":{"line":89,"column":60}}]},"4":{"loc":{"start":{"line":100,"column":8},"end":{"line":102,"column":9}},"type":"if","locations":[{"start":{"line":100,"column":8},"end":{"line":102,"column":9}},{"start":{"line":100,"column":8},"end":{"line":102,"column":9}}]},"5":{"loc":{"start":{"line":120,"column":4},"end":{"line":122,"column":5}},"type":"if","locations":[{"start":{"line":120,"column":4},"end":{"line":122,"column":5}},{"start":{"line":120,"column":4},"end":{"line":122,"column":5}}]},"6":{"loc":{"start":{"line":129,"column":4},"end":{"line":131,"column":5}},"type":"if","locations":[{"start":{"line":129,"column":4},"end":{"line":131,"column":5}},{"start":{"line":129,"column":4},"end":{"line":131,"column":5}}]},"7":{"loc":{"start":{"line":133,"column":4},"end":{"line":145,"column":5}},"type":"if","locations":[{"start":{"line":133,"column":4},"end":{"line":145,"column":5}},{"start":{"line":133,"column":4},"end":{"line":145,"column":5}}]},"8":{"loc":{"start":{"line":134,"column":6},"end":{"line":144,"column":7}},"type":"if","locations":[{"start":{"line":134,"column":6},"end":{"line":144,"column":7}},{"start":{"line":134,"column":6},"end":{"line":144,"column":7}}]},"9":{"loc":{"start":{"line":134,"column":11},"end":{"line":134,"column":38}},"type":"binary-expr","locations":[{"start":{"line":134,"column":11},"end":{"line":134,"column":38}},{"start":{"line":134,"column":42},"end":{"line":134,"column":77}},{"start":{"line":135,"column":9},"end":{"line":135,"column":37}},{"start":{"line":135,"column":41},"end":{"line":135,"column":90}}]},"10":{"loc":{"start":{"line":139,"column":13},"end":{"line":144,"column":7}},"type":"if","locations":[{"start":{"line":139,"column":13},"end":{"line":144,"column":7}},{"start":{"line":139,"column":13},"end":{"line":144,"column":7}}]},"11":{"loc":{"start":{"line":139,"column":17},"end":{"line":139,"column":39}},"type":"binary-expr","locations":[{"start":{"line":139,"column":17},"end":{"line":139,"column":39}},{"start":{"line":140,"column":8},"end":{"line":140,"column":67}}]},"12":{"loc":{"start":{"line":152,"column":4},"end":{"line":159,"column":5}},"type":"if","locations":[{"start":{"line":152,"column":4},"end":{"line":159,"column":5}},{"start":{"line":152,"column":4},"end":{"line":159,"column":5}}]},"13":{"loc":{"start":{"line":153,"column":6},"end":{"line":158,"column":7}},"type":"if","locations":[{"start":{"line":153,"column":6},"end":{"line":158,"column":7}},{"start":{"line":153,"column":6},"end":{"line":158,"column":7}}]},"14":{"loc":{"start":{"line":156,"column":13},"end":{"line":158,"column":7}},"type":"if","locations":[{"start":{"line":156,"column":13},"end":{"line":158,"column":7}},{"start":{"line":156,"column":13},"end":{"line":158,"column":7}}]},"15":{"loc":{"start":{"line":166,"column":4},"end":{"line":173,"column":5}},"type":"if","locations":[{"start":{"line":166,"column":4},"end":{"line":173,"column":5}},{"start":{"line":166,"column":4},"end":{"line":173,"column":5}}]},"16":{"loc":{"start":{"line":167,"column":6},"end":{"line":172,"column":7}},"type":"if","locations":[{"start":{"line":167,"column":6},"end":{"line":172,"column":7}},{"start":{"line":167,"column":6},"end":{"line":172,"column":7}}]},"17":{"loc":{"start":{"line":170,"column":13},"end":{"line":172,"column":7}},"type":"if","locations":[{"start":{"line":170,"column":13},"end":{"line":172,"column":7}},{"start":{"line":170,"column":13},"end":{"line":172,"column":7}}]},"18":{"loc":{"start":{"line":180,"column":4},"end":{"line":182,"column":5}},"type":"if","locations":[{"start":{"line":180,"column":4},"end":{"line":182,"column":5}},{"start":{"line":180,"column":4},"end":{"line":182,"column":5}}]}},"s":{"0":2,"1":2,"2":2,"3":0,"4":0,"5":0,"6":0,"7":0,"8":0,"9":0,"10":0,"11":0,"12":0,"13":0,"14":0,"15":0,"16":0,"17":0,"18":0,"19":0,"20":0,"21":0,"22":0,"23":0,"24":0,"25":0,"26":0,"27":0,"28":0,"29":0,"30":0,"31":0,"32":0,"33":0,"34":0,"35":0,"36":0,"37":0,"38":0,"39":0,"40":0,"41":0,"42":0,"43":0,"44":0,"45":0,"46":0,"47":0,"48":0,"49":0,"50":0,"51":0,"52":0,"53":0,"54":0,"55":0,"56":0,"57":0,"58":0,"59":0,"60":0,"61":0,"62":0,"63":0,"64":0,"65":0,"66":0,"67":2},"f":{"0":0,"1":0,"2":0,"3":0,"4":0,"5":0,"6":0,"7":0,"8":0,"9":0,"10":0,"11":0,"12":0},"b":{"0":[0,0],"1":[0,0],"2":[0,0],"3":[0,0],"4":[0,0],"5":[0,0],"6":[0,0],"7":[0,0],"8":[0,0],"9":[0,0,0,0],"10":[0,0],"11":[0,0],"12":[0,0],"13":[0,0],"14":[0,0],"15":[0,0],"16":[0,0],"17":[0,0],"18":[0,0]}}
,"/Users/furkle/Documents/twine-linter/src/NodeLike/MChildNodeLike.ts": {"path":"/Users/furkle/Documents/twine-linter/src/NodeLike/MChildNodeLike.ts","statementMap":{"0":{"start":{"line":3,"column":0},"end":{"line":3,"column":74}},"1":{"start":{"line":8,"column":6},"end":{"line":11,"column":7}},"2":{"start":{"line":9,"column":8},"end":{"line":10,"column":74}},"3":{"start":{"line":13,"column":36},"end":{"line":13,"column":40}},"4":{"start":{"line":14,"column":21},"end":{"line":14,"column":37}},"5":{"start":{"line":15,"column":6},"end":{"line":17,"column":7}},"6":{"start":{"line":16,"column":8},"end":{"line":16,"column":51}},"7":{"start":{"line":19,"column":28},"end":{"line":19,"column":47}},"8":{"start":{"line":20,"column":6},"end":{"line":22,"column":7}},"9":{"start":{"line":21,"column":8},"end":{"line":21,"column":59}},"10":{"start":{"line":24,"column":23},"end":{"line":24,"column":40}},"11":{"start":{"line":25,"column":18},"end":{"line":25,"column":43}},"12":{"start":{"line":26,"column":6},"end":{"line":29,"column":7}},"13":{"start":{"line":27,"column":8},"end":{"line":28,"column":63}},"14":{"start":{"line":31,"column":6},"end":{"line":39,"column":9}},"15":{"start":{"line":32,"column":22},"end":{"line":32,"column":27}},"16":{"start":{"line":33,"column":8},"end":{"line":35,"column":9}},"17":{"start":{"line":34,"column":10},"end":{"line":34,"column":56}},"18":{"start":{"line":37,"column":8},"end":{"line":37,"column":42}},"19":{"start":{"line":38,"column":8},"end":{"line":38,"column":44}},"20":{"start":{"line":43,"column":6},"end":{"line":46,"column":7}},"21":{"start":{"line":44,"column":8},"end":{"line":45,"column":74}},"22":{"start":{"line":48,"column":36},"end":{"line":48,"column":40}},"23":{"start":{"line":50,"column":21},"end":{"line":50,"column":37}},"24":{"start":{"line":51,"column":6},"end":{"line":53,"column":7}},"25":{"start":{"line":52,"column":8},"end":{"line":52,"column":51}},"26":{"start":{"line":55,"column":28},"end":{"line":55,"column":47}},"27":{"start":{"line":56,"column":6},"end":{"line":58,"column":7}},"28":{"start":{"line":57,"column":8},"end":{"line":57,"column":59}},"29":{"start":{"line":60,"column":6},"end":{"line":68,"column":9}},"30":{"start":{"line":61,"column":22},"end":{"line":61,"column":27}},"31":{"start":{"line":62,"column":8},"end":{"line":64,"column":9}},"32":{"start":{"line":63,"column":10},"end":{"line":63,"column":56}},"33":{"start":{"line":66,"column":8},"end":{"line":66,"column":57}},"34":{"start":{"line":67,"column":8},"end":{"line":67,"column":44}},"35":{"start":{"line":72,"column":6},"end":{"line":75,"column":7}},"36":{"start":{"line":73,"column":8},"end":{"line":74,"column":74}},"37":{"start":{"line":77,"column":36},"end":{"line":77,"column":40}},"38":{"start":{"line":79,"column":21},"end":{"line":79,"column":37}},"39":{"start":{"line":80,"column":6},"end":{"line":82,"column":7}},"40":{"start":{"line":81,"column":8},"end":{"line":81,"column":51}},"41":{"start":{"line":84,"column":28},"end":{"line":84,"column":47}},"42":{"start":{"line":85,"column":6},"end":{"line":87,"column":7}},"43":{"start":{"line":86,"column":8},"end":{"line":86,"column":59}},"44":{"start":{"line":89,"column":22},"end":{"line":89,"column":39}},"45":{"start":{"line":90,"column":6},"end":{"line":90,"column":32}},"46":{"start":{"line":91,"column":6},"end":{"line":103,"column":9}},"47":{"start":{"line":92,"column":22},"end":{"line":92,"column":27}},"48":{"start":{"line":93,"column":8},"end":{"line":95,"column":9}},"49":{"start":{"line":94,"column":10},"end":{"line":94,"column":56}},"50":{"start":{"line":97,"column":8},"end":{"line":97,"column":42}},"51":{"start":{"line":98,"column":8},"end":{"line":102,"column":9}},"52":{"start":{"line":99,"column":10},"end":{"line":99,"column":48}},"53":{"start":{"line":101,"column":10},"end":{"line":101,"column":38}},"54":{"start":{"line":107,"column":6},"end":{"line":110,"column":7}},"55":{"start":{"line":108,"column":8},"end":{"line":109,"column":74}},"56":{"start":{"line":112,"column":36},"end":{"line":112,"column":40}},"57":{"start":{"line":113,"column":21},"end":{"line":113,"column":37}},"58":{"start":{"line":114,"column":6},"end":{"line":116,"column":7}},"59":{"start":{"line":115,"column":8},"end":{"line":115,"column":51}},"60":{"start":{"line":118,"column":6},"end":{"line":118,"column":32}},"61":{"start":{"line":122,"column":2},"end":{"line":122,"column":24}},"62":{"start":{"line":125,"column":0},"end":{"line":125,"column":30}}},"fnMap":{"0":{"name":"MChildNodeLike","decl":{"start":{"line":5,"column":0},"end":{"line":5,"column":55}},"loc":{"start":{"line":5,"column":63},"end":{"line":123,"column":1}}},"1":{"name":"(anonymous_1)","decl":{"start":{"line":7,"column":4},"end":{"line":7,"column":9}},"loc":{"start":{"line":7,"column":54},"end":{"line":40,"column":5}}},"2":{"name":"(anonymous_2)","decl":{"start":{"line":31,"column":23},"end":{"line":31,"column":24}},"loc":{"start":{"line":31,"column":58},"end":{"line":39,"column":7}}},"3":{"name":"(anonymous_3)","decl":{"start":{"line":42,"column":4},"end":{"line":42,"column":8}},"loc":{"start":{"line":42,"column":68},"end":{"line":69,"column":5}}},"4":{"name":"(anonymous_4)","decl":{"start":{"line":60,"column":23},"end":{"line":60,"column":24}},"loc":{"start":{"line":60,"column":73},"end":{"line":68,"column":7}}},"5":{"name":"(anonymous_5)","decl":{"start":{"line":71,"column":4},"end":{"line":71,"column":14}},"loc":{"start":{"line":71,"column":59},"end":{"line":104,"column":5}}},"6":{"name":"(anonymous_6)","decl":{"start":{"line":91,"column":23},"end":{"line":91,"column":24}},"loc":{"start":{"line":91,"column":58},"end":{"line":103,"column":7}}},"7":{"name":"(anonymous_7)","decl":{"start":{"line":106,"column":4},"end":{"line":106,"column":9}},"loc":{"start":{"line":106,"column":10},"end":{"line":119,"column":5}}}},"branchMap":{"0":{"loc":{"start":{"line":8,"column":6},"end":{"line":11,"column":7}},"type":"if","locations":[{"start":{"line":8,"column":6},"end":{"line":11,"column":7}},{"start":{"line":8,"column":6},"end":{"line":11,"column":7}}]},"1":{"loc":{"start":{"line":15,"column":6},"end":{"line":17,"column":7}},"type":"if","locations":[{"start":{"line":15,"column":6},"end":{"line":17,"column":7}},{"start":{"line":15,"column":6},"end":{"line":17,"column":7}}]},"2":{"loc":{"start":{"line":20,"column":6},"end":{"line":22,"column":7}},"type":"if","locations":[{"start":{"line":20,"column":6},"end":{"line":22,"column":7}},{"start":{"line":20,"column":6},"end":{"line":22,"column":7}}]},"3":{"loc":{"start":{"line":26,"column":6},"end":{"line":29,"column":7}},"type":"if","locations":[{"start":{"line":26,"column":6},"end":{"line":29,"column":7}},{"start":{"line":26,"column":6},"end":{"line":29,"column":7}}]},"4":{"loc":{"start":{"line":33,"column":8},"end":{"line":35,"column":9}},"type":"if","locations":[{"start":{"line":33,"column":8},"end":{"line":35,"column":9}},{"start":{"line":33,"column":8},"end":{"line":35,"column":9}}]},"5":{"loc":{"start":{"line":43,"column":6},"end":{"line":46,"column":7}},"type":"if","locations":[{"start":{"line":43,"column":6},"end":{"line":46,"column":7}},{"start":{"line":43,"column":6},"end":{"line":46,"column":7}}]},"6":{"loc":{"start":{"line":51,"column":6},"end":{"line":53,"column":7}},"type":"if","locations":[{"start":{"line":51,"column":6},"end":{"line":53,"column":7}},{"start":{"line":51,"column":6},"end":{"line":53,"column":7}}]},"7":{"loc":{"start":{"line":56,"column":6},"end":{"line":58,"column":7}},"type":"if","locations":[{"start":{"line":56,"column":6},"end":{"line":58,"column":7}},{"start":{"line":56,"column":6},"end":{"line":58,"column":7}}]},"8":{"loc":{"start":{"line":62,"column":8},"end":{"line":64,"column":9}},"type":"if","locations":[{"start":{"line":62,"column":8},"end":{"line":64,"column":9}},{"start":{"line":62,"column":8},"end":{"line":64,"column":9}}]},"9":{"loc":{"start":{"line":72,"column":6},"end":{"line":75,"column":7}},"type":"if","locations":[{"start":{"line":72,"column":6},"end":{"line":75,"column":7}},{"start":{"line":72,"column":6},"end":{"line":75,"column":7}}]},"10":{"loc":{"start":{"line":80,"column":6},"end":{"line":82,"column":7}},"type":"if","locations":[{"start":{"line":80,"column":6},"end":{"line":82,"column":7}},{"start":{"line":80,"column":6},"end":{"line":82,"column":7}}]},"11":{"loc":{"start":{"line":85,"column":6},"end":{"line":87,"column":7}},"type":"if","locations":[{"start":{"line":85,"column":6},"end":{"line":87,"column":7}},{"start":{"line":85,"column":6},"end":{"line":87,"column":7}}]},"12":{"loc":{"start":{"line":93,"column":8},"end":{"line":95,"column":9}},"type":"if","locations":[{"start":{"line":93,"column":8},"end":{"line":95,"column":9}},{"start":{"line":93,"column":8},"end":{"line":95,"column":9}}]},"13":{"loc":{"start":{"line":98,"column":8},"end":{"line":102,"column":9}},"type":"if","locations":[{"start":{"line":98,"column":8},"end":{"line":102,"column":9}},{"start":{"line":98,"column":8},"end":{"line":102,"column":9}}]},"14":{"loc":{"start":{"line":107,"column":6},"end":{"line":110,"column":7}},"type":"if","locations":[{"start":{"line":107,"column":6},"end":{"line":110,"column":7}},{"start":{"line":107,"column":6},"end":{"line":110,"column":7}}]},"15":{"loc":{"start":{"line":114,"column":6},"end":{"line":116,"column":7}},"type":"if","locations":[{"start":{"line":114,"column":6},"end":{"line":116,"column":7}},{"start":{"line":114,"column":6},"end":{"line":116,"column":7}}]}},"s":{"0":2,"1":0,"2":0,"3":0,"4":0,"5":0,"6":0,"7":0,"8":0,"9":0,"10":0,"11":0,"12":0,"13":0,"14":0,"15":0,"16":0,"17":0,"18":0,"19":0,"20":0,"21":0,"22":0,"23":0,"24":0,"25":0,"26":0,"27":0,"28":0,"29":0,"30":0,"31":0,"32":0,"33":0,"34":0,"35":0,"36":0,"37":0,"38":0,"39":0,"40":0,"41":0,"42":0,"43":0,"44":0,"45":0,"46":0,"47":0,"48":0,"49":0,"50":0,"51":0,"52":0,"53":0,"54":0,"55":0,"56":0,"57":0,"58":0,"59":0,"60":0,"61":4,"62":2},"f":{"0":4,"1":0,"2":0,"3":0,"4":0,"5":0,"6":0,"7":0},"b":{"0":[0,0],"1":[0,0],"2":[0,0],"3":[0,0],"4":[0,0],"5":[0,0],"6":[0,0],"7":[0,0],"8":[0,0],"9":[0,0],"10":[0,0],"11":[0,0],"12":[0,0],"13":[0,0],"14":[0,0],"15":[0,0]}}
,"/Users/furkle/Documents/twine-linter/src/NodeLike/CharacterDataLike/AbstractCharacterDataLike.ts": {"path":"/Users/furkle/Documents/twine-linter/src/NodeLike/CharacterDataLike/AbstractCharacterDataLike.ts","statementMap":{"0":{"start":{"line":1,"column":0},"end":{"line":1,"column":63}},"1":{"start":{"line":6,"column":0},"end":{"line":6,"column":61}},"2":{"start":{"line":31,"column":4},"end":{"line":31,"column":12}},"3":{"start":{"line":23,"column":12},"end":{"line":23,"column":56}},"4":{"start":{"line":24,"column":12},"end":{"line":24,"column":71}},"5":{"start":{"line":25,"column":12},"end":{"line":25,"column":88}},"6":{"start":{"line":26,"column":12},"end":{"line":26,"column":88}},"7":{"start":{"line":33,"column":4},"end":{"line":33,"column":23}},"8":{"start":{"line":34,"column":4},"end":{"line":34,"column":36}},"9":{"start":{"line":38,"column":4},"end":{"line":38,"column":22}},"10":{"start":{"line":39,"column":4},"end":{"line":39,"column":21}},"11":{"start":{"line":43,"column":4},"end":{"line":45,"column":5}},"12":{"start":{"line":44,"column":6},"end":{"line":44,"column":58}},"13":{"start":{"line":47,"column":4},"end":{"line":51,"column":5}},"14":{"start":{"line":48,"column":6},"end":{"line":48,"column":58}},"15":{"start":{"line":49,"column":11},"end":{"line":51,"column":5}},"16":{"start":{"line":50,"column":6},"end":{"line":50,"column":23}},"17":{"start":{"line":53,"column":19},"end":{"line":53,"column":45}},"18":{"start":{"line":54,"column":18},"end":{"line":54,"column":63}},"19":{"start":{"line":55,"column":4},"end":{"line":55,"column":31}},"20":{"start":{"line":56,"column":4},"end":{"line":56,"column":21}},"21":{"start":{"line":60,"column":6},"end":{"line":62,"column":7}},"22":{"start":{"line":61,"column":8},"end":{"line":61,"column":60}},"23":{"start":{"line":64,"column":6},"end":{"line":66,"column":7}},"24":{"start":{"line":65,"column":8},"end":{"line":65,"column":25}},"25":{"start":{"line":68,"column":21},"end":{"line":68,"column":47}},"26":{"start":{"line":69,"column":20},"end":{"line":69,"column":56}},"27":{"start":{"line":70,"column":6},"end":{"line":70,"column":40}},"28":{"start":{"line":71,"column":6},"end":{"line":71,"column":23}},"29":{"start":{"line":75,"column":6},"end":{"line":77,"column":7}},"30":{"start":{"line":76,"column":8},"end":{"line":76,"column":60}},"31":{"start":{"line":79,"column":6},"end":{"line":81,"column":7}},"32":{"start":{"line":80,"column":8},"end":{"line":80,"column":60}},"33":{"start":{"line":83,"column":6},"end":{"line":85,"column":7}},"34":{"start":{"line":84,"column":8},"end":{"line":84,"column":25}},"35":{"start":{"line":87,"column":21},"end":{"line":87,"column":47}},"36":{"start":{"line":88,"column":20},"end":{"line":88,"column":65}},"37":{"start":{"line":89,"column":6},"end":{"line":89,"column":40}},"38":{"start":{"line":90,"column":6},"end":{"line":90,"column":23}},"39":{"start":{"line":94,"column":6},"end":{"line":96,"column":7}},"40":{"start":{"line":95,"column":8},"end":{"line":95,"column":60}},"41":{"start":{"line":98,"column":6},"end":{"line":100,"column":7}},"42":{"start":{"line":99,"column":8},"end":{"line":99,"column":60}},"43":{"start":{"line":102,"column":6},"end":{"line":102,"column":45}},"44":{"start":{"line":106,"column":39},"end":{"line":106,"column":44}},"45":{"start":{"line":107,"column":4},"end":{"line":107,"column":69}},"46":{"start":{"line":111,"column":39},"end":{"line":111,"column":44}},"47":{"start":{"line":112,"column":4},"end":{"line":112,"column":68}},"48":{"start":{"line":119,"column":39},"end":{"line":119,"column":47}},"49":{"start":{"line":119,"column":47},"end":{"line":119,"column":61}},"50":{"start":{"line":120,"column":4},"end":{"line":121,"column":68}},"51":{"start":{"line":128,"column":39},"end":{"line":128,"column":47}},"52":{"start":{"line":128,"column":47},"end":{"line":128,"column":55}},"53":{"start":{"line":129,"column":4},"end":{"line":131,"column":31}},"54":{"start":{"line":135,"column":4},"end":{"line":135,"column":11}},"55":{"start":{"line":139,"column":4},"end":{"line":139,"column":34}},"56":{"start":{"line":140,"column":4},"end":{"line":140,"column":18}},"57":{"start":{"line":144,"column":4},"end":{"line":144,"column":48}},"58":{"start":{"line":145,"column":4},"end":{"line":145,"column":27}},"59":{"start":{"line":149,"column":0},"end":{"line":149,"column":41}}},"fnMap":{"0":{"name":"(anonymous_0)","decl":{"start":{"line":30,"column":2},"end":{"line":30,"column":13}},"loc":{"start":{"line":30,"column":51},"end":{"line":35,"column":3}}},"1":{"name":"(anonymous_1)","decl":{"start":{"line":37,"column":2},"end":{"line":37,"column":11}},"loc":{"start":{"line":37,"column":25},"end":{"line":40,"column":3}}},"2":{"name":"(anonymous_2)","decl":{"start":{"line":42,"column":2},"end":{"line":42,"column":11}},"loc":{"start":{"line":42,"column":43},"end":{"line":57,"column":3}}},"3":{"name":"(anonymous_3)","decl":{"start":{"line":59,"column":2},"end":{"line":59,"column":11}},"loc":{"start":{"line":59,"column":41},"end":{"line":72,"column":3}}},"4":{"name":"(anonymous_4)","decl":{"start":{"line":74,"column":2},"end":{"line":74,"column":12}},"loc":{"start":{"line":74,"column":58},"end":{"line":91,"column":3}}},"5":{"name":"(anonymous_5)","decl":{"start":{"line":93,"column":2},"end":{"line":93,"column":14}},"loc":{"start":{"line":93,"column":46},"end":{"line":103,"column":3}}},"6":{"name":"(anonymous_6)","decl":{"start":{"line":105,"column":2},"end":{"line":105,"column":12}},"loc":{"start":{"line":105,"column":49},"end":{"line":108,"column":3}}},"7":{"name":"(anonymous_7)","decl":{"start":{"line":110,"column":2},"end":{"line":110,"column":12}},"loc":{"start":{"line":110,"column":49},"end":{"line":113,"column":3}}},"8":{"name":"(anonymous_8)","decl":{"start":{"line":115,"column":2},"end":{"line":115,"column":13}},"loc":{"start":{"line":117,"column":48},"end":{"line":122,"column":3}}},"9":{"name":"(anonymous_9)","decl":{"start":{"line":124,"column":2},"end":{"line":124,"column":13}},"loc":{"start":{"line":126,"column":42},"end":{"line":132,"column":3}}},"10":{"name":"(anonymous_10)","decl":{"start":{"line":134,"column":2},"end":{"line":134,"column":10}},"loc":{"start":{"line":134,"column":11},"end":{"line":136,"column":3}}},"11":{"name":"(anonymous_11)","decl":{"start":{"line":138,"column":2},"end":{"line":138,"column":16}},"loc":{"start":{"line":138,"column":38},"end":{"line":141,"column":3}}},"12":{"name":"(anonymous_12)","decl":{"start":{"line":143,"column":2},"end":{"line":143,"column":21}},"loc":{"start":{"line":143,"column":69},"end":{"line":146,"column":3}}}},"branchMap":{"0":{"loc":{"start":{"line":43,"column":4},"end":{"line":45,"column":5}},"type":"if","locations":[{"start":{"line":43,"column":4},"end":{"line":45,"column":5}},{"start":{"line":43,"column":4},"end":{"line":45,"column":5}}]},"1":{"loc":{"start":{"line":43,"column":8},"end":{"line":43,"column":18}},"type":"binary-expr","locations":[{"start":{"line":43,"column":8},"end":{"line":43,"column":18}},{"start":{"line":43,"column":22},"end":{"line":43,"column":38}}]},"2":{"loc":{"start":{"line":47,"column":4},"end":{"line":51,"column":5}},"type":"if","locations":[{"start":{"line":47,"column":4},"end":{"line":51,"column":5}},{"start":{"line":47,"column":4},"end":{"line":51,"column":5}}]},"3":{"loc":{"start":{"line":47,"column":8},"end":{"line":47,"column":18}},"type":"binary-expr","locations":[{"start":{"line":47,"column":8},"end":{"line":47,"column":18}},{"start":{"line":47,"column":22},"end":{"line":47,"column":38}}]},"4":{"loc":{"start":{"line":49,"column":11},"end":{"line":51,"column":5}},"type":"if","locations":[{"start":{"line":49,"column":11},"end":{"line":51,"column":5}},{"start":{"line":49,"column":11},"end":{"line":51,"column":5}}]},"5":{"loc":{"start":{"line":60,"column":6},"end":{"line":62,"column":7}},"type":"if","locations":[{"start":{"line":60,"column":6},"end":{"line":62,"column":7}},{"start":{"line":60,"column":6},"end":{"line":62,"column":7}}]},"6":{"loc":{"start":{"line":60,"column":10},"end":{"line":60,"column":20}},"type":"binary-expr","locations":[{"start":{"line":60,"column":10},"end":{"line":60,"column":20}},{"start":{"line":60,"column":24},"end":{"line":60,"column":40}}]},"7":{"loc":{"start":{"line":64,"column":6},"end":{"line":66,"column":7}},"type":"if","locations":[{"start":{"line":64,"column":6},"end":{"line":66,"column":7}},{"start":{"line":64,"column":6},"end":{"line":66,"column":7}}]},"8":{"loc":{"start":{"line":75,"column":6},"end":{"line":77,"column":7}},"type":"if","locations":[{"start":{"line":75,"column":6},"end":{"line":77,"column":7}},{"start":{"line":75,"column":6},"end":{"line":77,"column":7}}]},"9":{"loc":{"start":{"line":75,"column":10},"end":{"line":75,"column":20}},"type":"binary-expr","locations":[{"start":{"line":75,"column":10},"end":{"line":75,"column":20}},{"start":{"line":75,"column":24},"end":{"line":75,"column":40}}]},"10":{"loc":{"start":{"line":79,"column":6},"end":{"line":81,"column":7}},"type":"if","locations":[{"start":{"line":79,"column":6},"end":{"line":81,"column":7}},{"start":{"line":79,"column":6},"end":{"line":81,"column":7}}]},"11":{"loc":{"start":{"line":79,"column":10},"end":{"line":79,"column":20}},"type":"binary-expr","locations":[{"start":{"line":79,"column":10},"end":{"line":79,"column":20}},{"start":{"line":79,"column":24},"end":{"line":79,"column":40}}]},"12":{"loc":{"start":{"line":83,"column":6},"end":{"line":85,"column":7}},"type":"if","locations":[{"start":{"line":83,"column":6},"end":{"line":85,"column":7}},{"start":{"line":83,"column":6},"end":{"line":85,"column":7}}]},"13":{"loc":{"start":{"line":94,"column":6},"end":{"line":96,"column":7}},"type":"if","locations":[{"start":{"line":94,"column":6},"end":{"line":96,"column":7}},{"start":{"line":94,"column":6},"end":{"line":96,"column":7}}]},"14":{"loc":{"start":{"line":94,"column":10},"end":{"line":94,"column":20}},"type":"binary-expr","locations":[{"start":{"line":94,"column":10},"end":{"line":94,"column":20}},{"start":{"line":94,"column":24},"end":{"line":94,"column":40}}]},"15":{"loc":{"start":{"line":98,"column":6},"end":{"line":100,"column":7}},"type":"if","locations":[{"start":{"line":98,"column":6},"end":{"line":100,"column":7}},{"start":{"line":98,"column":6},"end":{"line":100,"column":7}}]},"16":{"loc":{"start":{"line":98,"column":10},"end":{"line":98,"column":20}},"type":"binary-expr","locations":[{"start":{"line":98,"column":10},"end":{"line":98,"column":20}},{"start":{"line":98,"column":24},"end":{"line":98,"column":40}}]}},"s":{"0":2,"1":2,"2":0,"3":0,"4":0,"5":0,"6":0,"7":0,"8":0,"9":0,"10":0,"11":0,"12":0,"13":0,"14":0,"15":0,"16":0,"17":0,"18":0,"19":0,"20":0,"21":0,"22":0,"23":0,"24":0,"25":0,"26":0,"27":0,"28":0,"29":0,"30":0,"31":0,"32":0,"33":0,"34":0,"35":0,"36":0,"37":0,"38":0,"39":0,"40":0,"41":0,"42":0,"43":0,"44":0,"45":0,"46":0,"47":0,"48":0,"49":0,"50":0,"51":0,"52":0,"53":0,"54":0,"55":0,"56":0,"57":0,"58":0,"59":2},"f":{"0":0,"1":0,"2":0,"3":0,"4":0,"5":0,"6":0,"7":0,"8":0,"9":0,"10":0,"11":0,"12":0},"b":{"0":[0,0],"1":[0,0],"2":[0,0],"3":[0,0],"4":[0,0],"5":[0,0],"6":[0,0],"7":[0,0],"8":[0,0],"9":[0,0],"10":[0,0],"11":[0,0],"12":[0,0],"13":[0,0],"14":[0,0],"15":[0,0],"16":[0,0]}}
,"/Users/furkle/Documents/twine-linter/src/NodeLike/CharacterDataLike/CommentLike/AbstractCommentLike.ts": {"path":"/Users/furkle/Documents/twine-linter/src/NodeLike/CharacterDataLike/CommentLike/AbstractCommentLike.ts","statementMap":{"0":{"start":{"line":1,"column":0},"end":{"line":1,"column":72}},"1":{"start":{"line":10,"column":4},"end":{"line":10,"column":11}},"2":{"start":{"line":14,"column":39},"end":{"line":14,"column":44}},"3":{"start":{"line":15,"column":45},"end":{"line":15,"column":61}},"4":{"start":{"line":16,"column":20},"end":{"line":16,"column":41}},"5":{"start":{"line":17,"column":4},"end":{"line":17,"column":19}},"6":{"start":{"line":21,"column":0},"end":{"line":21,"column":35}}},"fnMap":{"0":{"name":"(anonymous_0)","decl":{"start":{"line":9,"column":2},"end":{"line":9,"column":10}},"loc":{"start":{"line":9,"column":11},"end":{"line":11,"column":3}}},"1":{"name":"(anonymous_1)","decl":{"start":{"line":13,"column":2},"end":{"line":13,"column":10}},"loc":{"start":{"line":13,"column":33},"end":{"line":18,"column":3}}}},"branchMap":{"0":{"loc":{"start":{"line":13,"column":28},"end":{"line":13,"column":33}},"type":"default-arg","locations":[{"start":{"line":13,"column":28},"end":{"line":13,"column":33}}]}},"s":{"0":2,"1":0,"2":0,"3":0,"4":0,"5":0,"6":2},"f":{"0":0,"1":0},"b":{"0":[0]}}
,"/Users/furkle/Documents/twine-linter/src/NodeLike/CharacterDataLike/CommentLike/CommentLike.ts": {"path":"/Users/furkle/Documents/twine-linter/src/NodeLike/CharacterDataLike/CommentLike/CommentLike.ts","statementMap":{"0":{"start":{"line":1,"column":0},"end":{"line":1,"column":65}},"1":{"start":{"line":6,"column":0},"end":{"line":6,"column":78}},"2":{"start":{"line":9,"column":4},"end":{"line":9,"column":13}},"3":{"start":{"line":13,"column":4},"end":{"line":13,"column":22}},"4":{"start":{"line":17,"column":4},"end":{"line":17,"column":23}},"5":{"start":{"line":21,"column":4},"end":{"line":21,"column":23}},"6":{"start":{"line":25,"column":4},"end":{"line":25,"column":23}},"7":{"start":{"line":29,"column":4},"end":{"line":29,"column":30}},"8":{"start":{"line":33,"column":4},"end":{"line":33,"column":23}},"9":{"start":{"line":37,"column":4},"end":{"line":37,"column":24}},"10":{"start":{"line":41,"column":4},"end":{"line":41,"column":30}},"11":{"start":{"line":45,"column":4},"end":{"line":45,"column":32}},"12":{"start":{"line":49,"column":4},"end":{"line":49,"column":29}},"13":{"start":{"line":53,"column":4},"end":{"line":53,"column":29}},"14":{"start":{"line":57,"column":4},"end":{"line":57,"column":34}},"15":{"start":{"line":61,"column":4},"end":{"line":61,"column":30}},"16":{"start":{"line":66,"column":4},"end":{"line":68,"column":5}},"17":{"start":{"line":67,"column":6},"end":{"line":67,"column":18}},"18":{"start":{"line":70,"column":38},"end":{"line":70,"column":58}},"19":{"start":{"line":71,"column":18},"end":{"line":71,"column":19}},"20":{"start":{"line":72,"column":19},"end":{"line":72,"column":54}},"21":{"start":{"line":73,"column":4},"end":{"line":85,"column":5}},"22":{"start":{"line":74,"column":6},"end":{"line":77,"column":7}},"23":{"start":{"line":75,"column":8},"end":{"line":76,"column":51}},"24":{"start":{"line":79,"column":6},"end":{"line":81,"column":7}},"25":{"start":{"line":80,"column":8},"end":{"line":80,"column":20}},"26":{"start":{"line":83,"column":6},"end":{"line":83,"column":34}},"27":{"start":{"line":84,"column":6},"end":{"line":84,"column":19}},"28":{"start":{"line":87,"column":4},"end":{"line":87,"column":16}},"29":{"start":{"line":92,"column":4},"end":{"line":94,"column":5}},"30":{"start":{"line":93,"column":6},"end":{"line":93,"column":18}},"31":{"start":{"line":96,"column":15},"end":{"line":96,"column":31}},"32":{"start":{"line":97,"column":18},"end":{"line":97,"column":19}},"33":{"start":{"line":98,"column":19},"end":{"line":98,"column":54}},"34":{"start":{"line":99,"column":4},"end":{"line":111,"column":5}},"35":{"start":{"line":100,"column":6},"end":{"line":103,"column":7}},"36":{"start":{"line":101,"column":8},"end":{"line":102,"column":51}},"37":{"start":{"line":105,"column":6},"end":{"line":107,"column":7}},"38":{"start":{"line":106,"column":8},"end":{"line":106,"column":20}},"39":{"start":{"line":109,"column":6},"end":{"line":109,"column":30}},"40":{"start":{"line":110,"column":6},"end":{"line":110,"column":19}},"41":{"start":{"line":113,"column":4},"end":{"line":113,"column":16}},"42":{"start":{"line":117,"column":4},"end":{"line":117,"column":14}},"43":{"start":{"line":121,"column":4},"end":{"line":121,"column":16}},"44":{"start":{"line":125,"column":4},"end":{"line":125,"column":16}},"45":{"start":{"line":129,"column":0},"end":{"line":129,"column":27}}},"fnMap":{"0":{"name":"(anonymous_0)","decl":{"start":{"line":8,"column":2},"end":{"line":8,"column":5}},"loc":{"start":{"line":8,"column":14},"end":{"line":10,"column":3}}},"1":{"name":"(anonymous_1)","decl":{"start":{"line":12,"column":2},"end":{"line":12,"column":5}},"loc":{"start":{"line":12,"column":14},"end":{"line":14,"column":3}}},"2":{"name":"(anonymous_2)","decl":{"start":{"line":16,"column":2},"end":{"line":16,"column":5}},"loc":{"start":{"line":16,"column":10},"end":{"line":18,"column":3}}},"3":{"name":"(anonymous_3)","decl":{"start":{"line":20,"column":2},"end":{"line":20,"column":5}},"loc":{"start":{"line":20,"column":23},"end":{"line":22,"column":3}}},"4":{"name":"(anonymous_4)","decl":{"start":{"line":24,"column":2},"end":{"line":24,"column":5}},"loc":{"start":{"line":24,"column":17},"end":{"line":26,"column":3}}},"5":{"name":"(anonymous_5)","decl":{"start":{"line":28,"column":2},"end":{"line":28,"column":5}},"loc":{"start":{"line":28,"column":37},"end":{"line":30,"column":3}}},"6":{"name":"(anonymous_6)","decl":{"start":{"line":32,"column":2},"end":{"line":32,"column":5}},"loc":{"start":{"line":32,"column":15},"end":{"line":34,"column":3}}},"7":{"name":"(anonymous_7)","decl":{"start":{"line":36,"column":2},"end":{"line":36,"column":5}},"loc":{"start":{"line":36,"column":29},"end":{"line":38,"column":3}}},"8":{"name":"(anonymous_8)","decl":{"start":{"line":40,"column":2},"end":{"line":40,"column":5}},"loc":{"start":{"line":40,"column":12},"end":{"line":42,"column":3}}},"9":{"name":"(anonymous_9)","decl":{"start":{"line":44,"column":2},"end":{"line":44,"column":5}},"loc":{"start":{"line":44,"column":19},"end":{"line":46,"column":3}}},"10":{"name":"(anonymous_10)","decl":{"start":{"line":48,"column":2},"end":{"line":48,"column":5}},"loc":{"start":{"line":48,"column":16},"end":{"line":50,"column":3}}},"11":{"name":"(anonymous_11)","decl":{"start":{"line":52,"column":2},"end":{"line":52,"column":5}},"loc":{"start":{"line":52,"column":19},"end":{"line":54,"column":3}}},"12":{"name":"(anonymous_12)","decl":{"start":{"line":56,"column":2},"end":{"line":56,"column":5}},"loc":{"start":{"line":56,"column":21},"end":{"line":58,"column":3}}},"13":{"name":"(anonymous_13)","decl":{"start":{"line":60,"column":2},"end":{"line":60,"column":5}},"loc":{"start":{"line":60,"column":17},"end":{"line":62,"column":3}}},"14":{"name":"(anonymous_14)","decl":{"start":{"line":64,"column":2},"end":{"line":64,"column":5}},"loc":{"start":{"line":64,"column":28},"end":{"line":88,"column":3}}},"15":{"nam
[...]
lumn":3}},"25":{"start":{"line":53,"column":4},"end":{"line":54,"column":32}},"26":{"start":{"line":57,"column":15},"end":{"line":57,"column":38}},"27":{"start":{"line":58,"column":14},"end":{"line":58,"column":19}},"28":{"start":{"line":59,"column":2},"end":{"line":66,"column":3}},"29":{"start":{"line":60,"column":16},"end":{"line":60,"column":24}},"30":{"start":{"line":61,"column":4},"end":{"line":65,"column":5}},"31":{"start":{"line":62,"column":6},"end":{"line":62,"column":19}},"32":{"start":{"line":63,"column":6},"end":{"line":63,"column":35}},"33":{"start":{"line":64,"column":6},"end":{"line":64,"column":12}},"34":{"start":{"line":68,"column":2},"end":{"line":71,"column":3}},"35":{"start":{"line":69,"column":4},"end":{"line":70,"column":43}},"36":{"start":{"line":73,"column":2},"end":{"line":73,"column":44}},"37":{"start":{"line":76,"column":0},"end":{"line":76,"column":29}}},"fnMap":{"0":{"name":"detectVersion","decl":{"start":{"line":6,"column":0},"end":{"line":7,"column":1}},"loc":{"start":{"line":9,"column":54},"end":{"line":74,"column":1}}}},"branchMap":{"0":{"loc":{"start":{"line":8,"column":36},"end":{"line":8,"column":42}},"type":"default-arg","locations":[{"start":{"line":8,"column":36},"end":{"line":8,"column":42}}]},"1":{"loc":{"start":{"line":9,"column":36},"end":{"line":9,"column":54}},"type":"default-arg","locations":[{"start":{"line":9,"column":36},"end":{"line":9,"column":54}}]},"2":{"loc":{"start":{"line":12,"column":2},"end":{"line":49,"column":3}},"type":"if","locations":[{"start":{"line":12,"column":2},"end":{"line":49,"column":3}},{"start":{"line":12,"column":2},"end":{"line":49,"column":3}}]},"3":{"loc":{"start":{"line":15,"column":4},"end":{"line":45,"column":5}},"type":"if","locations":[{"start":{"line":15,"column":4},"end":{"line":45,"column":5}},{"start":{"line":15,"column":4},"end":{"line":45,"column":5}}]},"4":{"loc":{"start":{"line":16,"column":6},"end":{"line":19,"column":7}},"type":"if","locations":[{"start":{"line":16,"column":6},"end":{"line":19,"column":7}},{"start":{"line":16,"column":6},"end":{"line":19,"column":7}}]},"5":{"loc":{"start":{"line":22,"column":6},"end":{"line":24,"column":7}},"type":"if","locations":[{"start":{"line":22,"column":6},"end":{"line":24,"column":7}},{"start":{"line":22,"column":6},"end":{"line":24,"column":7}}]},"6":{"loc":{"start":{"line":28,"column":6},"end":{"line":44,"column":7}},"type":"if","locations":[{"start":{"line":28,"column":6},"end":{"line":44,"column":7}},{"start":{"line":28,"column":6},"end":{"line":44,"column":7}}]},"7":{"loc":{"start":{"line":31,"column":10},"end":{"line":37,"column":11}},"type":"if","locations":[{"start":{"line":31,"column":10},"end":{"line":37,"column":11}},{"start":{"line":31,"column":10},"end":{"line":37,"column":11}}]},"8":{"loc":{"start":{"line":34,"column":17},"end":{"line":37,"column":11}},"type":"if","locations":[{"start":{"line":34,"column":17},"end":{"line":37,"column":11}},{"start":{"line":34,"column":17},"end":{"line":37,"column":11}}]},"9":{"loc":{"start":{"line":40,"column":8},"end":{"line":43,"column":9}},"type":"if","locations":[{"start":{"line":40,"column":8},"end":{"line":43,"column":9}},{"start":{"line":40,"column":8},"end":{"line":43,"column":9}}]},"10":{"loc":{"start":{"line":46,"column":9},"end":{"line":49,"column":3}},"type":"if","locations":[{"start":{"line":46,"column":9},"end":{"line":49,"column":3}},{"start":{"line":46,"column":9},"end":{"line":49,"column":3}}]},"11":{"loc":{"start":{"line":52,"column":2},"end":{"line":55,"column":3}},"type":"if","locations":[{"start":{"line":52,"column":2},"end":{"line":55,"column":3}},{"start":{"line":52,"column":2},"end":{"line":55,"column":3}}]},"12":{"loc":{"start":{"line":61,"column":4},"end":{"line":65,"column":5}},"type":"if","locations":[{"start":{"line":61,"column":4},"end":{"line":65,"column":5}},{"start":{"line":61,"column":4},"end":{"line":65,"column":5}}]},"13":{"loc":{"start":{"line":68,"column":2},"end":{"line":71,"column":3}},"type":"if","locations":[{"start":{"line":68,"column":2},"end":{"line":71,"column":3}},{"start":{"line":68,"column":2},"end":{"line":71,"column":3}}]}},"s":{"0":1,"1":1,"2":0,"3":0,"4":0,"5":0,"6":0,"7":0,"8":0,"9":0,"10":0,"11":0,"12":0,"13":0,"14":0,"15":0,"16":0,"17":0,"18":0,"19":0,"20":0,"21":0,"22":0,"23":0,"24":0,"25":0,"26":0,"27":0,"28":0,"29":0,"30":0,"31":0,"32":0,"33":0,"34":0,"35":0,"36":0,"37":1},"f":{"0":0},"b":{"0":[0],"1":[0],"2":[0,0],"3":[0,0],"4":[0,0],"5":[0,0],"6":[0,0],"7":[0,0],"8":[0,0],"9":[0,0],"10":[0,0],"11":[0,0],"12":[0,0],"13":[0,0]}}
,"/Users/furkle/Documents/twine-linter/src/modules/documentConstructor.ts": {"path":"/Users/furkle/Documents/twine-linter/src/modules/documentConstructor.ts","statementMap":{"0":{"start":{"line":1,"column":0},"end":{"line":1,"column":80}},"1":{"start":{"line":5,"column":2},"end":{"line":10,"column":3}},"2":{"start":{"line":7,"column":4},"end":{"line":7,"column":26}},"3":{"start":{"line":9,"column":4},"end":{"line":9,"column":30}},"4":{"start":{"line":13,"column":0},"end":{"line":13,"column":35}}},"fnMap":{"0":{"name":"documentConstructor","decl":{"start":{"line":3,"column":0},"end":{"line":null,"column":-1}},"loc":{"start":{"line":3,"column":0},"end":{"line":11,"column":1}}}},"branchMap":{"0":{"loc":{"start":{"line":5,"column":2},"end":{"line":10,"column":3}},"type":"if","locations":[{"start":{"line":5,"column":2},"end":{"line":10,"column":3}},{"start":{"line":5,"column":2},"end":{"line":10,"column":3}}]}},"s":{"0":1,"1":0,"2":0,"3":0,"4":1},"f":{"0":0},"b":{"0":[0,0]}}
,"/Users/furkle/Documents/twine-linter/src/modules/documentFactory.ts": {"path":"/Users/furkle/Documents/twine-linter/src/modules/documentFactory.ts","statementMap":{"0":{"start":{"line":1,"column":0},"end":{"line":1,"column":83}},"1":{"start":{"line":3,"column":0},"end":{"line":3,"column":60}},"2":{"start":{"line":4,"column":0},"end":{"line":4,"column":49}},"3":{"start":{"line":6,"column":21},"end":{"line":6,"column":75}},"4":{"start":{"line":6,"column":47},"end":{"line":6,"column":73}},"5":{"start":{"line":11,"column":34},"end":{"line":11,"column":38}},"6":{"start":{"line":12,"column":2},"end":{"line":16,"column":3}},"7":{"start":{"line":15,"column":4},"end":{"line":15,"column":32}},"8":{"start":{"line":18,"column":2},"end":{"line":21,"column":3}},"9":{"start":{"line":19,"column":4},"end":{"line":20,"column":39}},"10":{"start":{"line":23,"column":26},"end":{"line":23,"column":51}},"11":{"start":{"line":24,"column":2},"end":{"line":24,"column":35}},"12":{"start":{"line":25,"column":15},"end":{"line":25,"column":40}},"13":{"start":{"line":26,"column":2},"end":{"line":26,"column":36}},"14":{"start":{"line":27,"column":15},"end":{"line":27,"column":40}},"15":{"start":{"line":28,"column":2},"end":{"line":28,"column":36}},"16":{"start":{"line":29,"column":20},"end":{"line":29,"column":51}},"17":{"start":{"line":30,"column":2},"end":{"line":30,"column":30}},"18":{"start":{"line":31,"column":2},"end":{"line":31,"column":13}},"19":{"start":{"line":34,"column":0},"end":{"line":34,"column":31}}},"fnMap":{"0":{"name":"docConstruct","decl":{"start":{"line":6,"column":21},"end":{"line":6,"column":46}},"loc":{"start":{"line":6,"column":21},"end":{"line":6,"column":75}}},"1":{"name":"documentFactory","decl":{"start":{"line":7,"column":0},"end":{"line":8,"column":1}},"loc":{"start":{"line":9,"column":46},"end":{"line":32,"column":1}}}},"branchMap":{"0":{"loc":{"start":{"line":9,"column":34},"end":{"line":9,"column":46}},"type":"default-arg","locations":[{"start":{"line":9,"column":34},"end":{"line":9,"column":46}}]},"1":{"loc":{"start":{"line":12,"column":2},"end":{"line":16,"column":3}},"type":"if","locations":[{"start":{"line":12,"column":2},"end":{"line":16,"column":3}},{"start":{"line":12,"column":2},"end":{"line":16,"column":3}}]},"2":{"loc":{"start":{"line":12,"column":6},"end":{"line":12,"column":25}},"type":"binary-expr","locations":[{"start":{"line":12,"column":6},"end":{"line":12,"column":25}},{"start":{"line":13,"column":4},"end":{"line":13,"column":45}}]},"3":{"loc":{"start":{"line":18,"column":2},"end":{"line":21,"column":3}},"type":"if","locations":[{"start":{"line":18,"column":2},"end":{"line":21,"column":3}},{"start":{"line":18,"column":2},"end":{"line":21,"column":3}}]}},"s":{"0":1,"1":1,"2":1,"3":1,"4":0,"5":0,"6":0,"7":0,"8":0,"9":0,"10":0,"11":0,"12":0,"13":0,"14":0,"15":0,"16":0,"17":0,"18":0,"19":1},"f":{"0":0,"1":0},"b":{"0":[0],"1":[0,0],"2":[0,0],"3":[0,0]}}
,"/Users/furkle/Documents/twine-linter/src/modules/nodeFactory.ts": {"path":"/Users/furkle/Documents/twine-linter/src/modules/nodeFactory.ts","statementMap":{"0":{"start":{"line":5,"column":0},"end":{"line":5,"column":87}},"1":{"start":{"line":7,"column":2},"end":{"line":70,"column":3}},"2":{"start":{"line":8,"column":4},"end":{"line":8,"column":41}},"3":{"start":{"line":9,"column":9},"end":{"line":70,"column":3}},"4":{"start":{"line":10,"column":20},"end":{"line":10,"column":57}},"5":{"start":{"line":11,"column":16},"end":{"line":11,"column":27}},"6":{"start":{"line":12,"column":17},"end":{"line":12,"column":52}},"7":{"start":{"line":13,"column":4},"end":{"line":13,"column":36}},"8":{"start":{"line":14,"column":4},"end":{"line":14,"column":19}},"9":{"start":{"line":15,"column":9},"end":{"line":70,"column":3}},"10":{"start":{"line":16,"column":20},"end":{"line":16,"column":55}},"11":{"start":{"line":17,"column":16},"end":{"line":17,"column":30}},"12":{"start":{"line":18,"column":20},"end":{"line":18,"column":61}},"13":{"start":{"line":19,"column":4},"end":{"line":19,"column":39}},"14":{"start":{"line":20,"column":4},"end":{"line":20,"column":46}},"15":{"start":{"line":21,"column":4},"end":{"line":21,"column":19}},"16":{"start":{"line":22,"column":9},"end":{"line":70,"column":3}},"17":{"start":{"line":23,"column":20},"end":{"line":23,"column":55}},"18":{"start":{"line":24,"column":4},"end":{"line":24,"column":46}},"19":{"start":{"line":25,"column":9},"end":{"line":70,"column":3}},"20":{"start":{"line":30,"column":4},"end":{"line":36,"column":5}},"21":{"start":{"line":31,"column":6},"end":{"line":31,"column":32}},"22":{"start":{"line":32,"column":11},"end":{"line":36,"column":5}},"23":{"start":{"line":33,"column":6},"end":{"line":33,"column":26}},"24":{"start":{"line":35,"column":6},"end":{"line":35,"column":69}},"25":{"start":{"line":38,"column":20},"end":{"line":38,"column":51}},"26":{"start":{"line":39,"column":16},"end":{"line":39,"column":30}},"27":{"start":{"line":40,"column":20},"end":{"line":40,"column":61}},"28":{"start":{"line":41,"column":4},"end":{"line":41,"column":39}},"29":{"start":{"line":42,"column":4},"end":{"line":45,"column":5}},"30":{"start":{"line":43,"column":18},"end":{"line":43,"column":29}},"31":{"start":{"line":44,"column":6},"end":{"line":44,"column":44}},"32":{"start":{"line":47,"column":17},"end":{"line":47,"column":32}},"33":{"start":{"line":48,"column":21},"end":{"line":48,"column":35}},"34":{"start":{"line":49,"column":18},"end":{"line":51,"column":6}},"35":{"start":{"line":50,"column":6},"end":{"line":50,"column":42}},"36":{"start":{"line":53,"column":4},"end":{"line":61,"column":5}},"37":{"start":{"line":54,"column":19},"end":{"line":54,"column":63}},"38":{"start":{"line":55,"column":25},"end":{"line":57,"column":8}},"39":{"start":{"line":56,"column":8},"end":{"line":56,"column":44}},"40":{"start":{"line":59,"column":6},"end":{"line":59,"column":33}},"41":{"start":{"line":60,"column":6},"end":{"line":60,"column":23}},"42":{"start":{"line":63,"column":4},"end":{"line":63,"column":29}},"43":{"start":{"line":65,"column":4},"end":{"line":65,"column":19}},"44":{"start":{"line":66,"column":9},"end":{"line":70,"column":3}},"45":{"start":{"line":67,"column":4},"end":{"line":67,"column":55}},"46":{"start":{"line":68,"column":9},"end":{"line":70,"column":3}},"47":{"start":{"line":69,"column":4},"end":{"line":69,"column":74}},"48":{"start":{"line":72,"column":2},"end":{"line":72,"column":71}},"49":{"start":{"line":75,"column":0},"end":{"line":75,"column":27}}},"fnMap":{"0":{"name":"nodeFactory","decl":{"start":{"line":6,"column":0},"end":{"line":6,"column":20}},"loc":{"start":{"line":6,"column":75},"end":{"line":73,"column":1}}},"1":{"name":"(anonymous_1)","decl":{"start":{"line":49,"column":27},"end":{"line":49,"column":28}},"loc":{"start":{"line":49,"column":58},"end":{"line":51,"column":5}}},"2":{"name":"(anonymous_2)","decl":{"start":{"line":55,"column":38},"end":{"line":55,"column":39}},"loc":{"start":{"line":55,"column":48},"end":{"line":57,"column":7}}}},"branchMap":{"0":{"loc":{"start":{"line":7,"column":2},"end":{"line":70,"column":3}},"type":"if","locations":[{"start":{"line":7,"column":2},"end":{"line":70,"column":3}},{"start":{"line":7,"column":2},"end":{"line":70,"column":3}}]},"1":{"loc":{"start":{"line":9,"column":9},"end":{"line":70,"column":3}},"type":"if","locations":[{"start":{"line":9,"column":9},"end":{"line":70,"column":3}},{"start":{"line":9,"column":9},"end":{"line":70,"column":3}}]},"2":{"loc":{"start":{"line":12,"column":30},"end":{"line":12,"column":40}},"type":"cond-expr","locations":[{"start":{"line":12,"column":30},"end":{"line":12,"column":40}},{"start":{"line":12,"column":43},"end":{"line":12,"column":52}}]},"3":{"loc":{"start":{"line":15,"column":9},"end":{"line":70,"column":3}},"type":"if","locations":[{"start":{"line":15,"column":9},"end":{"line":70,"column":3}},{"start":{"line":15,"column":9},"end":{"line":70,"column":3}}]},"4":{"loc":{"start":{"line":18,"column":36},"end":{"line":18,"column":49}},"type":"cond-expr","locations":[{"start":{"line":18,"column":36},"end":{"line":18,"column":49}},{"start":{"line":18,"column":52},"end":{"line":18,"column":61}}]},"5":{"loc":{"start":{"line":22,"column":9},"end":{"line":70,"column":3}},"type":"if","locations":[{"start":{"line":22,"column":9},"end":{"line":70,"column":3}},{"start":{"line":22,"column":9},"end":{"line":70,"column":3}}]},"6":{"loc":{"start":{"line":25,"column":9},"end":{"line":70,"column":3}},"type":"if","locations":[{"start":{"line":25,"column":9},"end":{"line":70,"column":3}},{"start":{"line":25,"column":9},"end":{"line":70,"column":3}}]},"7":{"loc":{"start":{"line":25,"column":13},"end":{"line":25,"column":40}},"type":"binary-expr","locations":[{"start":{"line":25,"column":13},"end":{"line":25,"column":40}},{"start":{"line":26,"column":4},"end":{"line":26,"column":28}},{"start":{"line":27,"column":4},"end":{"line":27,"column":25}}]},"8":{"loc":{"start":{"line":30,"column":4},"end":{"line":36,"column":5}},"type":"if","locations":[{"start":{"line":30,"column":4},"end":{"line":36,"column":5}},{"start":{"line":30,"column":4},"end":{"line":36,"column":5}}]},"9":{"loc":{"start":{"line":32,"column":11},"end":{"line":36,"column":5}},"type":"if","locations":[{"start":{"line":32,"column":11},"end":{"line":36,"column":5}},{"start":{"line":32,"column":11},"end":{"line":36,"column":5}}]},"10":{"loc":{"start":{"line":35,"column":32},"end":{"line":35,"column":45}},"type":"cond-expr","locations":[{"start":{"line":35,"column":32},"end":{"line":35,"column":45}},{"start":{"line":35,"column":48},"end":{"line":35,"column":68}}]},"11":{"loc":{"start":{"line":40,"column":36},"end":{"line":40,"column":49}},"type":"cond-expr","locations":[{"start":{"line":40,"column":36},"end":{"line":40,"column":49}},{"start":{"line":40,"column":52},"end":{"line":40,"column":61}}]},"12":{"loc":{"start":{"line":42,"column":4},"end":{"line":45,"column":5}},"type":"if","locations":[{"start":{"line":42,"column":4},"end":{"line":45,"column":5}},{"start":{"line":42,"column":4},"end":{"line":45,"column":5}}]},"13":{"loc":{"start":{"line":53,"column":4},"end":{"line":61,"column":5}},"type":"if","locations":[{"start":{"line":53,"column":4},"end":{"line":61,"column":5}},{"start":{"line":53,"column":4},"end":{"line":61,"column":5}}]},"14":{"loc":{"start":{"line":53,"column":8},"end":{"line":53,"column":16}},"type":"binary-expr","locations":[{"start":{"line":53,"column":8},"end":{"line":53,"column":16}},{"start":{"line":53,"column":20},"end":{"line":53,"column":48}},{"start":{"line":53,"column":52},"end":{"line":53,"column":72}}]},"15":{"loc":{"start":{"line":66,"column":9},"end":{"line":70,"column":3}},"type":"if","locations":[{"start":{"line":66,"column":9},"end":{"line":70,"column":3}},{"start":{"line":66,"column":9},"end":{"line":70,"column":3}}]},"16":{"loc":{"start":{"line":68,"column":9},"end":{"line":70,"column":3}},"type":"if","locations":[{"start":{"line":68,"column":9},"end":{"line":70,"column":3}},{"start":{"line":68,"column":9},"end":{"line":70,"column":3}}]}},"s":{"0":1,"1":0,"2":0,"3":0,"4":0,"5":0,"6":0,"7":0,"8":0,"9":0,"10":0,"11":0,"12":0,"13":0,"14":0,"15":0,"16":0,"17":0,"18":0,"19":0,"20":0,"21":0,"22":0,"23":0,"24":0,"25":0,"26":0,"27":0,"28":0,"29":0,"30":0,"31":0,"32":0,"33":0,"34":0,"35":0,"36":0,"37":0,"38":0,"39":0,"40":0,"41":0,"42":0,"43":0,"44":0,"45":0,"46":0,"47":0,"48":0,"49":1},"f":{"0":0,"1":0,"2":0},"b":{"0":[0,0],"1":[0,0],"2":[0,0],"3":[0,0],"4":[0,0],"5":[0,0],"6":[0,0],"7":[0,0,0],"8":[0,0],"9":[0,0],"10":[0,0],"11":[0,0],"12":[0,0],"13":[0,0],"14":[0,0,0],"15":[0,0],"16":[0,0]}}
,"/Users/furkle/Documents/twine-linter/src/modules/passageDataFactory.ts": {"path":"/Users/furkle/Documents/twine-linter/src/modules/passageDataFactory.ts","statementMap":{"0":{"start":{"line":3,"column":0},"end":{"line":3,"column":41}},"1":{"start":{"line":9,"column":22},"end":{"line":9,"column":62}},"2":{"start":{"line":10,"column":2},"end":{"line":10,"column":56}},"3":{"start":{"line":11,"column":2},"end":{"line":11,"column":59}},"4":{"start":{"line":12,"column":16},"end":{"line":14,"column":4}},"5":{"start":{"line":13,"column":4},"end":{"line":13,"column":39}},"6":{"start":{"line":16,"column":2},"end":{"line":16,"column":31}},"7":{"start":{"line":17,"column":2},"end":{"line":17,"column":21}},"8":{"start":{"line":20,"column":0},"end":{"line":20,"column":34}}},"fnMap":{"0":{"name":"passageDataFactory","decl":{"start":{"line":5,"column":0},"end":{"line":6,"column":1}},"loc":{"start":{"line":7,"column":25},"end":{"line":18,"column":1}}},"1":{"name":"(anonymous_1)","decl":{"start":{"line":12,"column":47},"end":{"line":12,"column":48}},"loc":{"start":{"line":12,"column":56},"end":{"line":14,"column":3}}}},"branchMap":{},"s":{"0":1,"1":0,"2":0,"3":0,"4":0,"5":0,"6":0,"7":0,"8":1},"f":{"0":0,"1":0},"b":{}}
,"/Users/furkle/Documents/twine-linter/src/modules/storyDataFactory.ts": {"path":"/Users/furkle/Documents/twine-linter/src/modules/storyDataFactory.ts","statementMap":{"0":{"start":{"line":3,"column":0},"end":{"line":3,"column":53}},"1":{"start":{"line":9,"column":20},"end":{"line":9,"column":58}},"2":{"start":{"line":10,"column":16},"end":{"line":10,"column":17}},"3":{"start":{"line":11,"column":16},"end":{"line":19,"column":4}},"4":{"start":{"line":12,"column":22},"end":{"line":12,"column":41}},"5":{"start":{"line":13,"column":4},"end":{"line":16,"column":5}},"6":{"start":{"line":14,"column":6},"end":{"line":14,"column":41}},"7":{"start":{"line":15,"column":6},"end":{"line":15,"column":19}},"8":{"start":{"line":18,"column":4},"end":{"line":18,"column":49}},"9":{"start":{"line":21,"column":2},"end":{"line":21,"column":29}},"10":{"start":{"line":22,"column":2},"end":{"line":22,"column":19}},"11":{"start":{"line":25,"column":0},"end":{"line":25,"column":32}}},"fnMap":{"0":{"name":"storyDataFactory","decl":{"start":{"line":5,"column":0},"end":{"line":6,"column":1}},"loc":{"start":{"line":7,"column":25},"end":{"line":23,"column":1}}},"1":{"name":"(anonymous_1)","decl":{"start":{"line":11,"column":29},"end":{"line":11,"column":30}},"loc":{"start":{"line":11,"column":41},"end":{"line":19,"column":3}}}},"branchMap":{"0":{"loc":{"start":{"line":13,"column":4},"end":{"line":16,"column":5}},"type":"if","locations":[{"start":{"line":13,"column":4},"end":{"line":16,"column":5}},{"start":{"line":13,"column":4},"end":{"line":16,"column":5}}]}},"s":{"0":1,"1":0,"2":0,"3":0,"4":0,"5":0,"6":0,"7":0,"8":0,"9":0,"10":0,"11":1},"f":{"0":0,"1":0},"b":{"0":[0,0]}}
}
